16:10:55,189 root ERROR Expecting value: line 2 column 1 (char 1)
16:10:55,189 root INFO not skipped for 02a78f5bea0189fbf9e25b383a9df18f2944f6b0
16:10:55,190 root INFO file exist for 02a78f5bea0189fbf9e25b383a9df18f2944f6b0 parent 575d1262a9dc5dbe519d3f17bb3e2b23a5864140
16:10:56,32 root INFO not skipped for 04ab35e4ab798ef548e76adbea901c7ea75b12f2
16:10:56,33 root INFO file exist for 04ab35e4ab798ef548e76adbea901c7ea75b12f2 parent da28fac4f9811bee2291694a458a0e6cd67cad70
16:10:56,631 root INFO not skipped for 05602452981517fc2ebdc02e7a0875535763606c
16:10:56,632 root INFO file exist for 05602452981517fc2ebdc02e7a0875535763606c parent d25c66137b43d2f956f94789547917298310b57e
16:10:57,341 root INFO not skipped for 06904e7145fd1955f071fa8a1f3331b3ad6b2bc1
16:10:57,342 root INFO file exist for 06904e7145fd1955f071fa8a1f3331b3ad6b2bc1 parent ad3e8b1fd51070f2bea1e08e1bfca5f72c64f5ff
16:10:58,131 root INFO not skipped for 06d0d6b0fba0a0fcec3b323f5da008fa1f6bc966
16:10:58,132 root INFO file exist for 06d0d6b0fba0a0fcec3b323f5da008fa1f6bc966 parent 686e878caf2ccf67e998697cd06193c0fd640083
16:10:59,16 root INFO not skipped for 07549b1283165009d1c592ce8e3e3db28996bf37
16:10:59,17 root INFO file exist for 07549b1283165009d1c592ce8e3e3db28996bf37 parent aead02ba890b0f89d04141bac803cd76b8fb30b9
16:10:59,706 root INFO not skipped for 094ce26227e7f064dc7b462ce952b41f3bc8cf5e
16:10:59,707 root INFO file exist for 094ce26227e7f064dc7b462ce952b41f3bc8cf5e parent e7e6793eb343fdd24f064a426b5a412ca5fb4b8c
16:11:00,457 root INFO not skipped for 0e4ce7b28e3077137829b6f5dd08451146b9010a
16:11:00,458 root INFO file exist for 0e4ce7b28e3077137829b6f5dd08451146b9010a parent 38025cb0de906c950092b10a411780a73ff30d79
16:11:00,904 root INFO not skipped for 0ef24090c4e1bd0660538037b8d6caa80318053a
16:11:00,905 root INFO file exist for 0ef24090c4e1bd0660538037b8d6caa80318053a parent 6843571dbd17bb5b9ab3da4084008b326f9e52ea
16:11:01,745 root INFO not skipped for 0f13725b3d39e0e8884c297176e4b7b5b5ca6cff
16:11:01,746 root INFO file exist for 0f13725b3d39e0e8884c297176e4b7b5b5ca6cff parent 7b7fc2bd75ef3515731bb9c13d92e8b877ce3b3a
16:11:02,523 root INFO not skipped for 0f72ff41d93635c23b759942ec7d193c59b13413
16:11:02,524 root INFO file exist for 0f72ff41d93635c23b759942ec7d193c59b13413 parent 24c9bb9de98f55520c53efc065a3b2581ad87fbf
16:11:03,152 root INFO not skipped for 0f9a4a97c0113641af0277c8bb955afd68983e58
16:11:03,153 root INFO file exist for 0f9a4a97c0113641af0277c8bb955afd68983e58 parent 2c861a2f6c040b348aa6ffe9a64f2eb106c2bbfb
16:11:03,718 root INFO not skipped for 10304f2bdddf8c8b9180f560d323b0d3f1b73d79
16:11:03,719 root INFO file exist for 10304f2bdddf8c8b9180f560d323b0d3f1b73d79 parent 682a47dbb23d644548b1d6ffda04618ee02e1317
16:11:03,945 root INFO not skipped for 10e27ca3c09adb71bbe50877b484c53e938256ec
16:11:03,945 root INFO file exist for 10e27ca3c09adb71bbe50877b484c53e938256ec parent 32002664f7cf908d1a522a21e8fa306f4485c70e
16:11:04,654 root INFO not skipped for 115f1086c2ee573911ce1b50f67ab86671a3a83d
16:11:04,655 root INFO file exist for 115f1086c2ee573911ce1b50f67ab86671a3a83d parent 886974a2f11e24d4bc9ace91d2bb41c8c5c242a2
16:11:05,8 root INFO not skipped for 1218cd5c5b949ee075ff02d1aefc6b340ae74610
16:11:05,9 root INFO file exist for 1218cd5c5b949ee075ff02d1aefc6b340ae74610 parent b7974d0486a205c4e9e2848517f408a77509f81a
16:11:05,544 root INFO not skipped for 134dbed07e8fb20bc01e3543803ca72a065187da
16:11:05,545 root INFO file exist for 134dbed07e8fb20bc01e3543803ca72a065187da parent 3202136bd9798bbfb10c74245779d285f7c0fad3
16:11:06,261 root INFO not skipped for 13cacee11f5a398d0da5abb0f9e6b367296eda90
16:11:06,262 root INFO file exist for 13cacee11f5a398d0da5abb0f9e6b367296eda90 parent 9c9f9c458b18c4775dc5fdeba5938724b4176563
16:11:07,98 root INFO not skipped for 13d0ddad1be69bdda5f04ebe8068b3f5e9e194b7
16:11:07,98 root INFO file exist for 13d0ddad1be69bdda5f04ebe8068b3f5e9e194b7 parent fa60ad93177b77177219d5bcd4561b3dbe1b006f
16:11:07,793 root INFO not skipped for 14a8eeec764c3ab4365f416c032684aa8ac42fc3
16:11:07,794 root INFO file exist for 14a8eeec764c3ab4365f416c032684aa8ac42fc3 parent 34e6e8bf08d117e8c8924842b932290c8862b633
16:11:08,611 root INFO not skipped for 14ec8c603243beccb580cfd12bb9d4dd4248e351
16:11:08,612 root INFO file exist for 14ec8c603243beccb580cfd12bb9d4dd4248e351 parent 567948e2c3bf88d1a57852869c28f1f6765957c8
16:11:09,23 root INFO not skipped for 1540ec6d9148fc14fc1673f4df1d33030d2ffcf7
16:11:09,24 root INFO file exist for 1540ec6d9148fc14fc1673f4df1d33030d2ffcf7 parent ecc869926972f5437d20a72dce261497cbd2c44a
16:11:09,850 root INFO not skipped for 15571a15db7e468eac1b824c692c843f665b5e79
16:11:09,851 root INFO file exist for 15571a15db7e468eac1b824c692c843f665b5e79 parent fddf301589b30a42f47e600c786e3520ecf3eeaa
16:11:10,382 root INFO not skipped for 15b638082b9006c274d069d1c70ff327e1bc2c04
16:11:10,382 root INFO file exist for 15b638082b9006c274d069d1c70ff327e1bc2c04 parent 619f19cd831fc94b2191187f2085d7556127f08b
16:11:11,164 root INFO not skipped for 15d6515278453aafe3d59b8b0124c2ab8a611c55
16:11:11,165 root INFO file exist for 15d6515278453aafe3d59b8b0124c2ab8a611c55 parent 60d028a28212be292d670253b5027824a197805b
16:11:12,639 root INFO not skipped for 163d7af6c28491b4e569c91661d165d8db57ebcd
16:11:12,641 root INFO file exist for 163d7af6c28491b4e569c91661d165d8db57ebcd parent 70079f0842ed16d92ccaf6234104da5c6c791590
16:11:14,316 root INFO not skipped for 1654d213962fe94ed9c86c846dd14a3254057979
16:11:14,317 root INFO file exist for 1654d213962fe94ed9c86c846dd14a3254057979 parent 68ac44aba9679ce187154432980f1188193d468d
16:11:15,308 root INFO not skipped for 16a4aa3163061011b08564c5bda50db543e3f6e9
16:11:15,309 root INFO file exist for 16a4aa3163061011b08564c5bda50db543e3f6e9 parent 9fa85d8e597de4c595dececf179455d06dcd239b
16:11:16,63 root INFO not skipped for 1770cdc22777414ad2e10e716d079a80e8934223
16:11:16,64 root INFO file exist for 1770cdc22777414ad2e10e716d079a80e8934223 parent 516a3866835ada3b51fdd080bb4f9b6a5a4656b1
16:11:16,820 root INFO not skipped for 17974db7db2d0a8bc03a25c8b6fbb7c198e0678b
16:11:16,820 root INFO file exist for 17974db7db2d0a8bc03a25c8b6fbb7c198e0678b parent 4bbbd9b5e99ad7883a6a6ddac29db80eaba0bbef
16:11:17,271 root INFO not skipped for 17fcb6c9c40b3a922ef03e6b62b13a0f6c510273
16:11:17,272 root INFO file exist for 17fcb6c9c40b3a922ef03e6b62b13a0f6c510273 parent d56f4603a1c3e4b187e0cf94e5ad725587f4de33
16:11:17,718 root INFO not skipped for 190a125617d5ee743115951e1d530a3f9b3825ea
16:11:17,719 root INFO file exist for 190a125617d5ee743115951e1d530a3f9b3825ea parent 5e5b8c64870c4c920680b9ca395f3fc1f60b8382
16:11:17,892 root INFO not skipped for 191f996ab8f8bc5d846b84e4715a16a6869b1ca6
16:11:17,892 root INFO file exist for 191f996ab8f8bc5d846b84e4715a16a6869b1ca6 parent ab1b50a3f69edd0d08fd53ff09f675db673cce23
16:11:18,689 root INFO not skipped for 19d18a65d3acef40e87fbc7dbc563b07e3ea4ce4
16:11:18,689 root INFO file exist for 19d18a65d3acef40e87fbc7dbc563b07e3ea4ce4 parent 8057a5c0df1051ee6b00440650621765560db179
16:11:19,229 root INFO not skipped for 1bdbd4883c2751a3f4900ade0fc958d626e6e0c4
16:11:19,229 root INFO file exist for 1bdbd4883c2751a3f4900ade0fc958d626e6e0c4 parent 59dfa15269710bc7aeeb81b00c6e1fe63512fe4e
16:11:20,64 root INFO not skipped for 1cc16f5fe8b426ca6b38f9693afa1e89ffd70835
16:11:20,64 root INFO file exist for 1cc16f5fe8b426ca6b38f9693afa1e89ffd70835 parent 5f1f887f5360aedf8ddd97fbf7d64e834cbaf85c
16:11:20,345 root INFO not skipped for 1d6c9327a0df102a7f04308dd07a3b1a226107f2
16:11:20,345 root INFO file exist for 1d6c9327a0df102a7f04308dd07a3b1a226107f2 parent 555266b1b13116a046480d82ca872c4969559310
16:11:20,922 root INFO not skipped for 1d7f9641262b97bd38c2be9742120b937d6c2f87
16:11:20,922 root INFO file exist for 1d7f9641262b97bd38c2be9742120b937d6c2f87 parent d5d30dcae758f71bc3b487d31776f3d9a93664ed
16:11:21,645 root INFO not skipped for 1d8de6b34ea0ddb64fc94b478c0950c0d35de605
16:11:21,645 root INFO file exist for 1d8de6b34ea0ddb64fc94b478c0950c0d35de605 parent 9cc57fd3ea72e214589992410001ca5a30692679
16:11:22,76 root INFO not skipped for 1e25e87d89b92b55921eafe3805c850ade0cc224
16:11:22,77 root INFO file exist for 1e25e87d89b92b55921eafe3805c850ade0cc224 parent 00076ab582f60052c3289caf80031002d9ea509d
16:11:22,217 root INFO not skipped for 1eab9448e720a8bf88a70583b272cd3e84fc1af3
16:11:22,217 root INFO file exist for 1eab9448e720a8bf88a70583b272cd3e84fc1af3 parent d4da257dc64354b0e13956d2d9dcdbb7628ec4a8
16:11:23,76 root INFO not skipped for 1f2aa739b4988e9932eb582b16a773061a1884ff
16:11:23,76 root INFO file exist for 1f2aa739b4988e9932eb582b16a773061a1884ff parent f7e4d624156197803cc09c3011a1422253b99095
16:11:23,820 root INFO forceful skipped 20eb129dfed093c40e4649dcbd8c2aa2da7267ff
16:11:23,820 root INFO not skipped for 20fa9a83db5fdb80a071c7c92dedd3e92ea8af04
16:11:23,820 root INFO file exist for 20fa9a83db5fdb80a071c7c92dedd3e92ea8af04 parent 296680ca92b721ff02f737d0118e63588a2337c2
16:11:24,149 root INFO not skipped for 213e37f2a4b1ac04c138b01de54b933a45086967
16:11:24,150 root INFO file exist for 213e37f2a4b1ac04c138b01de54b933a45086967 parent 225ccd005a9f3aedc8138c298cd467fbe0bd8535
16:11:24,192 root INFO not skipped for 21aa2efbbff7993b0b451d7e74783247c273d16c
16:11:24,192 root INFO file exist for 21aa2efbbff7993b0b451d7e74783247c273d16c parent c13951ee46a630af84f599b5209cf4f8b46e912b
16:11:25,41 root INFO not skipped for 21ef1a30124764b93045798f941139823f3c72d2
16:11:25,42 root INFO file exist for 21ef1a30124764b93045798f941139823f3c72d2 parent ab2f5a6a4f44e47628b805bb9b6e2c8981b07bca
16:11:25,393 root INFO not skipped for 226cb0f74afc46f4366797f76c2961843bd29022
16:11:25,393 root INFO file exist for 226cb0f74afc46f4366797f76c2961843bd29022 parent c6536db0379500953c443284964528d431662bbc
16:11:26,104 root INFO not skipped for 23cb9f41fbe2d4b5904df04aff926cf0374620aa
16:11:26,104 root INFO file exist for 23cb9f41fbe2d4b5904df04aff926cf0374620aa parent 96500f90fcbf6a9eb21b8621d046cc143f1ea603
16:11:26,925 root INFO not skipped for 25dfab0e492f27fd27d3d2a5af0905c8c3f725ce
16:11:26,926 root INFO file exist for 25dfab0e492f27fd27d3d2a5af0905c8c3f725ce parent c5a4264e5889602edad8a326aba1cf9a2d012cf8
16:11:27,79 root INFO not skipped for 29d236b7fc7419999e19bb3e735f0a51940b0b93
16:11:27,79 root INFO file exist for 29d236b7fc7419999e19bb3e735f0a51940b0b93 parent a850f6275ceff130d913b1a4c7e0c9372c57356d
16:11:27,463 root INFO not skipped for 2ac5a4907e1e79eedb795750ffefc6e8cc5a9be4
16:11:27,464 root INFO file exist for 2ac5a4907e1e79eedb795750ffefc6e8cc5a9be4 parent 053c439a43d39797a08c09f7dcb17470272ab1db
16:11:28,189 root INFO not skipped for 2aef63e9cd598d2da1b80ccbc532fc12582014c3
16:11:28,189 root INFO file exist for 2aef63e9cd598d2da1b80ccbc532fc12582014c3 parent 008a79cb2db05f6dd22b0ad8eaa43957fe515f1d
16:11:28,524 root INFO not skipped for 2af02643f2f0ee8acd69d7ffdb90335ef4e5031e
16:11:28,524 root INFO file exist for 2af02643f2f0ee8acd69d7ffdb90335ef4e5031e parent 08c6f418188ca77327c0133b6fa4799f0bf68fc7
16:11:28,637 root INFO not skipped for 2ba142274717238ee0862eed4aa2df3de2070218
16:11:28,638 root INFO file exist for 2ba142274717238ee0862eed4aa2df3de2070218 parent ac4a0daff98634fa6b5f464ec4ce42e60e556c05
16:11:29,397 root INFO not skipped for 2bf00f482d52208f5fd3c3e83b8d72c62b2bcb4e
16:11:29,398 root INFO file exist for 2bf00f482d52208f5fd3c3e83b8d72c62b2bcb4e parent abd50366f8c5c51f21c10bed22052567ee8a2ee3
16:11:30,240 root INFO not skipped for 2c0a641b2cbd82c34e950ceb4b435d55928bf53c
16:11:30,241 root INFO file exist for 2c0a641b2cbd82c34e950ceb4b435d55928bf53c parent 82315427460e35067dc5610f92404e6f2c260e8d
16:11:30,964 root INFO not skipped for 2c563436e41067fa253f824ca0e768500dc29d34
16:11:30,965 root INFO file exist for 2c563436e41067fa253f824ca0e768500dc29d34 parent 15d6515278453aafe3d59b8b0124c2ab8a611c55
16:11:31,796 root INFO not skipped for 2ce116ace78a4d718415b33942f5fed0b0111105
16:11:31,796 root INFO file exist for 2ce116ace78a4d718415b33942f5fed0b0111105 parent 81d9fbb928ebe4c1bc0d1ba4603f4f935bf884e9
16:11:32,280 root INFO not skipped for 2eb9de0c30f6c436ecea393c52272193554c003a
16:11:32,280 root INFO file exist for 2eb9de0c30f6c436ecea393c52272193554c003a parent 51bdf6faf4ae8ef56e16df40c14fafa1b43c838c
16:11:32,741 root INFO not skipped for 2ec77ad02fde8ceb56eed684b3ba34b7510ea9f8
16:11:32,741 root INFO file exist for 2ec77ad02fde8ceb56eed684b3ba34b7510ea9f8 parent 3b151e31c4138f06204d637b396747e089478f61
16:11:33,604 root INFO not skipped for 2f3f0d69609c5a27c07b56e2220801c6700ac40e
16:11:33,604 root INFO file exist for 2f3f0d69609c5a27c07b56e2220801c6700ac40e parent bc7bbed1b49e5f8eef0e58d87f698328621ae152
16:11:34,525 root INFO not skipped for 2fad9bf507d5c0c4a022ce742b63b727471a4dc3
16:11:34,525 root INFO file exist for 2fad9bf507d5c0c4a022ce742b63b727471a4dc3 parent a2311f1a17cd643bdeea63ec48c163d37934b2a0
16:11:35,208 root INFO not skipped for 302e38ba8d1ab76a5235ac8c0a4c6dd2b9f6b75d
16:11:35,208 root INFO file exist for 302e38ba8d1ab76a5235ac8c0a4c6dd2b9f6b75d parent c1f5d18669b6e911e2b995e0c520b710cfd453fc
16:11:35,671 root INFO not skipped for 3191ef360dad948ffeb7b65c9c0d45dfa3bcc40c
16:11:35,672 root INFO file exist for 3191ef360dad948ffeb7b65c9c0d45dfa3bcc40c parent 01ef998d1756b1163197ca7a4e8bd84c73188786
16:11:36,473 root INFO not skipped for 32a76bd602fcdb947bbca3465403c6ee7430ec89
16:11:36,474 root INFO file exist for 32a76bd602fcdb947bbca3465403c6ee7430ec89 parent a5b68ddfcf81ef01c94ac8af88dc10fc7a7002be
16:11:37,407 root INFO not skipped for 3338b4446410d6b9be6195ee994c1f99f76e874c
16:11:37,408 root INFO file exist for 3338b4446410d6b9be6195ee994c1f99f76e874c parent f0bfc7cc654339950bc22be9674c10871733425c
16:11:38,163 root INFO not skipped for 3352454242f8a1abba5e6d2b49ce861b8abdb8c8
16:11:38,164 root INFO file exist for 3352454242f8a1abba5e6d2b49ce861b8abdb8c8 parent f1f10c94622eb7134e557d0c8795967d2a9af8d3
16:11:38,596 root INFO not skipped for 3393507082938c28f62d1e08cc2e39092ff277df
16:11:38,596 root INFO file exist for 3393507082938c28f62d1e08cc2e39092ff277df parent d788b6ce74aee262b4ef365acebcda6a03f8d8c0
16:11:39,112 root INFO not skipped for 344d02600c4e8551ec9b07c88eef10946aa9d07d
16:11:39,112 root INFO file exist for 344d02600c4e8551ec9b07c88eef10946aa9d07d parent 709996fddc68c5c2ef791eb4cc9d4a18dfd9213b
16:11:39,953 root INFO not skipped for 3458c02649dd4303a8d2e25ce94dabdcefb986eb
16:11:39,954 root INFO file exist for 3458c02649dd4303a8d2e25ce94dabdcefb986eb parent 86086bc04acf705e284735cf526a5898cfea826a
16:11:40,781 root INFO not skipped for 34e6e8bf08d117e8c8924842b932290c8862b633
16:11:40,781 root INFO file exist for 34e6e8bf08d117e8c8924842b932290c8862b633 parent 127b232f2e9e22e6ca9b7c141332f28a6abaf3eb
16:11:41,614 root INFO not skipped for 387555b4a1e3f440a04d878d9fe1fc5a5bd64c70
16:11:41,615 root INFO file exist for 387555b4a1e3f440a04d878d9fe1fc5a5bd64c70 parent dafe49f84ab9f76839c14a2ee9b904a4a309fb1b
16:11:42,387 root INFO not skipped for 394b8665249d7c2f7f372ec754e97483d3860199
16:11:42,388 root INFO file exist for 394b8665249d7c2f7f372ec754e97483d3860199 parent aedd2ce49376042e3dbdcb1d9147754214ff4697
16:11:43,220 root INFO not skipped for 3ba63285ac7d4a4a4a2ddd610df44551a798d1df
16:11:43,221 root INFO file exist for 3ba63285ac7d4a4a4a2ddd610df44551a798d1df parent 58c9f361d3447e10e0ebcfe3cd00c7709a361267
16:11:44,144 root INFO not skipped for 3becab3dd52be84a1a4bd7b3fb5497f5aef11a10
16:11:44,145 root INFO file exist for 3becab3dd52be84a1a4bd7b3fb5497f5aef11a10 parent 44ed1ac6aacdabf2f4414357b3aca20b95b33c49
16:11:44,581 root INFO not skipped for 3c5c177d952258fbb7a7776e91470078169158ce
16:11:44,582 root INFO file exist for 3c5c177d952258fbb7a7776e91470078169158ce parent 4834af3089593aca74dad80ec53c3359dd705ace
16:11:45,127 root INFO not skipped for 3ce242c179865d2457c5f3c72fc5a13f755abdaa
16:11:45,128 root INFO file exist for 3ce242c179865d2457c5f3c72fc5a13f755abdaa parent 3bf8eb9d1f40fd6b278bd2baf0adbc712cd6dc85
16:11:45,637 root INFO not skipped for 3df4506365c0bce73d45bc426e3d8c75f3590aa4
16:11:45,637 root INFO file exist for 3df4506365c0bce73d45bc426e3d8c75f3590aa4 parent ff2aa9c038f519f0fcd49112167def7e56fad610
16:11:46,485 root INFO not skipped for 3eed1164b48da0802d15834f69502ba50ff4a14d
16:11:46,485 root INFO file exist for 3eed1164b48da0802d15834f69502ba50ff4a14d parent 6b2dde878ad62018a0cd87a4fdbccf9a3981be24
16:11:47,385 root INFO not skipped for 3f6a4d670554ebbd6b9232cf5625f31b47cfff8c
16:11:47,385 root INFO file exist for 3f6a4d670554ebbd6b9232cf5625f31b47cfff8c parent 8665d850e7fe7cc630ed69ac5bb1d99a17bc8449
16:11:47,508 root INFO not skipped for 3f9d3deefdb6759c19eefb06cf3c378288ac4bea
16:11:47,509 root INFO file exist for 3f9d3deefdb6759c19eefb06cf3c378288ac4bea parent 4def0471d79173daefd0fb6c56f5c814607c1e0f
16:11:47,906 root INFO not skipped for 400ca5dca5a52bdc93de17b0e06290f640914bd9
16:11:47,906 root INFO file exist for 400ca5dca5a52bdc93de17b0e06290f640914bd9 parent e9cc7e00ef1c5f1ead4c32a69474fa6ddfc93f7e
16:11:48,756 root INFO not skipped for 4107534e5c32869e6edc5437ee9c3b02a062e4f5
16:11:48,757 root INFO file exist for 4107534e5c32869e6edc5437ee9c3b02a062e4f5 parent 78ca7ab6641d512b036686c1dc89aa2d8d1bd780
16:11:49,63 root INFO not skipped for 4400ba86f164e835ca501106a0c37fbf7487421c
16:11:49,64 root INFO file exist for 4400ba86f164e835ca501106a0c37fbf7487421c parent fde55e40835e80de47cefec339ce565acc4332bc
16:11:49,495 root INFO not skipped for 44c9140f6c166ab813158af17ea7248498160a65
16:11:49,496 root INFO file exist for 44c9140f6c166ab813158af17ea7248498160a65 parent 8174e464a25ec2a0b7f9f33d4e32b79b65f1a9a5
16:11:50,200 root INFO not skipped for 47b29dfaa7a5f7054145dd5a886ce1b8f5e78d04
16:11:50,201 root INFO file exist for 47b29dfaa7a5f7054145dd5a886ce1b8f5e78d04 parent 5c91394619adac230cfc9ad7d860d079e91c4d80
16:11:50,737 root INFO not skipped for 482e804fd8a28387ae3214dd52167119b1d985c6
16:11:50,738 root INFO file exist for 482e804fd8a28387ae3214dd52167119b1d985c6 parent be4d3dd6b46e284cbe840fce7a2bb0aa5dab8da2
16:11:51,199 root INFO not skipped for 48e4efea4b2d0a98b2f0c8732a89f122bb0649b4
16:11:51,200 root INFO file exist for 48e4efea4b2d0a98b2f0c8732a89f122bb0649b4 parent 44ee615cf26627593f21aa0fc430aa0786483883
16:11:51,785 root INFO not skipped for 4a25c7423f4fa74568b502adfe7a46c194cb8199
16:11:51,785 root INFO file exist for 4a25c7423f4fa74568b502adfe7a46c194cb8199 parent 3713ea4b338f20a1c746fcf2287105b8db20e2a1
16:11:52,269 root INFO not skipped for 4b4e6a247d1fd0ec108d509a02a2522de4434e49
16:11:52,270 root INFO file exist for 4b4e6a247d1fd0ec108d509a02a2522de4434e49 parent e09ea8ce1a21f8c1ae0b4f265cc0b6aba1ad0ec3
16:11:53,124 root INFO not skipped for 4ba1eaa47a77e00538dac0f67109527464384409
16:11:53,125 root INFO file exist for 4ba1eaa47a77e00538dac0f67109527464384409 parent 41d52818b1f4d0c314d9053cc3aa3402c209c642
16:11:53,900 root INFO not skipped for 4d5cddcc481adb48f953c268605352e0091641ed
16:11:53,900 root INFO file exist for 4d5cddcc481adb48f953c268605352e0091641ed parent 91b7794fc34e677897fb21e088680dcbb17650e0
16:11:54,65 root INFO not skipped for 4e45de9075eeb015245ff09f8f8c58cf0f98bbf3
16:11:54,65 root INFO file exist for 4e45de9075eeb015245ff09f8f8c58cf0f98bbf3 parent de74cfa270714e5468811d52da84c0889789bb34
16:11:54,759 root INFO not skipped for 4ef725764a163c1ec615e82343e83c059241abc7
16:11:54,759 root INFO file exist for 4ef725764a163c1ec615e82343e83c059241abc7 parent 148e9ac69a8a911b6958e60aad9320444333f4e3
16:11:55,469 root INFO not skipped for 4f30353c160717a878021e1c3d87d20caf93cf4d
16:11:55,470 root INFO file exist for 4f30353c160717a878021e1c3d87d20caf93cf4d parent 4b59df746eb2f6393a3c057f2ffab940d295c971
16:11:55,627 root INFO not skipped for 50725a95fc222723cc4efa89c19cbe4b574a9f52
16:11:55,627 root INFO file exist for 50725a95fc222723cc4efa89c19cbe4b574a9f52 parent da764abb1ee6019ba4aef1572ef4bdd8022de3b0
16:11:56,528 root INFO not skipped for 5147d5cf5d6683150d4fce2d3502ddedc72a4411
16:11:56,529 root INFO file exist for 5147d5cf5d6683150d4fce2d3502ddedc72a4411 parent 3a61690fa16c3d3e40b39f2622fa1e9b9ffc33c8
16:11:56,830 root INFO not skipped for 52ed41c027e14041ca216a7bd668f65fcb72c725
16:11:56,830 root INFO file exist for 52ed41c027e14041ca216a7bd668f65fcb72c725 parent 87c4d84d6115fcf9040a411e876c0c7a0dd0c1c3
16:11:57,686 root INFO not skipped for 538c94e77f9158ca084b2f4e8acd2b9c3837f151
16:11:57,687 root INFO file exist for 538c94e77f9158ca084b2f4e8acd2b9c3837f151 parent b5731b6858c6bb508f70b7b8f2ad3951442fdf4f
16:11:57,985 root INFO not skipped for 5485794da51bfbe2f4ed039ade630eb4b4a26f90
16:11:57,986 root INFO file exist for 5485794da51bfbe2f4ed039ade630eb4b4a26f90 parent 13e2b3342c42dedae00353c78b4109a67b9be18f
16:11:58,913 root INFO not skipped for 551ab453fdf7a96f91f45cb71a209e98c26691fb
16:11:58,913 root INFO file exist for 551ab453fdf7a96f91f45cb71a209e98c26691fb parent 0a1e82efad8a838da894ba8cbdbfa8d60a5fe005
16:11:59,764 root INFO not skipped for 56279206140494dbfd7039467a94ecf1b9bfd982
16:11:59,765 root INFO file exist for 56279206140494dbfd7039467a94ecf1b9bfd982 parent 2039c4bd97735e425bee119ae130e97238a47668
16:11:59,852 root INFO not skipped for 567948e2c3bf88d1a57852869c28f1f6765957c8
16:11:59,852 root INFO file exist for 567948e2c3bf88d1a57852869c28f1f6765957c8 parent 3352454242f8a1abba5e6d2b49ce861b8abdb8c8
16:12:00,292 root INFO not skipped for 58b243e8302d219dd8a53c090757247f5aeb16e9
16:12:00,293 root INFO file exist for 58b243e8302d219dd8a53c090757247f5aeb16e9 parent 1998af1a13960cc8ab25fc29b33d09d1b10afbc7
16:12:00,767 root INFO not skipped for 591cfc0a51febd8aa9869277f5c16914798c97e1
16:12:00,768 root INFO file exist for 591cfc0a51febd8aa9869277f5c16914798c97e1 parent 95d6ea3f37f72fdaa0e5eea749f64431b6591d36
16:12:01,548 root INFO not skipped for 592557e948ce4876892d9fc1c848894be7f1a7a1
16:12:01,548 root INFO file exist for 592557e948ce4876892d9fc1c848894be7f1a7a1 parent 920b061083f489f287a2302ec12d05479a479779
16:12:02,293 root INFO not skipped for 5a96c714d5e981423a4caf89b85d69cc7bf8109b
16:12:02,293 root INFO file exist for 5a96c714d5e981423a4caf89b85d69cc7bf8109b parent bbc71da28926ca6f0242eb7fe31f2298a031ba8a
16:12:02,990 root INFO not skipped for 5c047b0e3e55999ea9aab0b4317cc1c976a93d60
16:12:02,990 root INFO file exist for 5c047b0e3e55999ea9aab0b4317cc1c976a93d60 parent 020fa899d515697f6383d1d53d399beda5352015
16:12:03,702 root INFO not skipped for 5c461b738d128f8e85fd6490df9f28ff6290181a
16:12:03,703 root INFO file exist for 5c461b738d128f8e85fd6490df9f28ff6290181a parent 54f77b9ad4867a476ae4481b6d32752b848a9d97
16:12:04,249 root INFO not skipped for 5c8d324230957c08f25833fa187fc02b4867f99b
16:12:04,249 root INFO file exist for 5c8d324230957c08f25833fa187fc02b4867f99b parent ee0558a07c6d3731e45f926ccc135b4856ebcc03
16:12:04,821 root INFO not skipped for 5e7b2c5721b356c3371342dfbc49d7a0b6ee57f4
16:12:04,821 root INFO file exist for 5e7b2c5721b356c3371342dfbc49d7a0b6ee57f4 parent 1072c49f46d9b434cbab915c3c040b7c12fcb23e
16:12:05,634 root INFO not skipped for 5f9f241263f4f601d7cb7dff6e1bbc8ce1011f5e
16:12:05,634 root INFO file exist for 5f9f241263f4f601d7cb7dff6e1bbc8ce1011f5e parent 0ddf536491b583b2f62a1ec9b95e1b8678b7fffc
16:12:05,778 root INFO not skipped for 60d028a28212be292d670253b5027824a197805b
16:12:05,779 root INFO file exist for 60d028a28212be292d670253b5027824a197805b parent 9fc15f0b915267404df6a8e25d0977f96130d9e3
16:12:06,636 root INFO not skipped for 61070bc9cf24651888d1534f020ca9868b7f8fee
16:12:06,636 root INFO file exist for 61070bc9cf24651888d1534f020ca9868b7f8fee parent 7c6f11dd076225fc7acf90cb327e27da85f7c4d0
16:12:07,87 root INFO not skipped for 63ea1906afacc108871bb42c8e98d1e684df58c8
16:12:07,88 root INFO file exist for 63ea1906afacc108871bb42c8e98d1e684df58c8 parent c26891a09149357ceeb05752df6d69eaac236e6e
16:12:07,638 root INFO not skipped for 648f87f362021d4c722a72bba4e17f0b9c16e801
16:12:07,639 root INFO file exist for 648f87f362021d4c722a72bba4e17f0b9c16e801 parent 527d3eda15f3844305fd141d4f13202bce074cb1
16:12:07,942 root INFO not skipped for 65a5d3f835f738fabcc424f1b6f3ee45f2a3cf54
16:12:07,942 root INFO file exist for 65a5d3f835f738fabcc424f1b6f3ee45f2a3cf54 parent 57e050f8c509ae873d40063a6e1783bb89380218
16:12:08,585 root INFO not skipped for 66ecdf3cbe8def752424cb74d67affe11a8392f8
16:12:08,586 root INFO file exist for 66ecdf3cbe8def752424cb74d67affe11a8392f8 parent 3f9d3deefdb6759c19eefb06cf3c378288ac4bea
16:12:08,983 root INFO forceful skipped 67240f986373c6b8034a4e5b1cf104ea7464962a
16:12:08,983 root INFO not skipped for 6735b61c8f4b6acd407a4e846c1b8ae9972fea90
16:12:08,983 root INFO file exist for 6735b61c8f4b6acd407a4e846c1b8ae9972fea90 parent 35481bda4b59b2b032216cb92f94959a8742aeef
16:12:09,770 root INFO forceful skipped 675710d0e790def5ffdb521d95ab3e3892b0f5b7
16:12:09,770 root INFO not skipped for 6a96a5ba113e9a31c338bef1133ab4a21b875094
16:12:09,770 root INFO file exist for 6a96a5ba113e9a31c338bef1133ab4a21b875094 parent e115567351dc4de84df8212d5c5b18775c72369d
16:12:09,820 root INFO not skipped for 6b0352cdf5591e2cb97176f194fde6035850dfb5
16:12:09,820 root INFO file exist for 6b0352cdf5591e2cb97176f194fde6035850dfb5 parent 0bf64b571ad52a7d78b90cfc9e51a17e511d3449
16:12:09,944 root INFO not skipped for 6b23b1349780a26976b8ce0199c40db0c57fadd4
16:12:09,944 root INFO file exist for 6b23b1349780a26976b8ce0199c40db0c57fadd4 parent 6e3bd734b825152af5460ffc83f152b3a6140ee6
16:12:10,776 root INFO not skipped for 6d0ebbf63d6be28efedbb0c3e4d6b8aee6b89be5
16:12:10,776 root INFO file exist for 6d0ebbf63d6be28efedbb0c3e4d6b8aee6b89be5 parent aa8c21d6e94d44a5035ee7536c770a59ec8fc8ed
16:12:11,364 root INFO not skipped for 7000df9009d4f79ab1d29d4f5360ace9c4ca89df
16:12:11,364 root INFO file exist for 7000df9009d4f79ab1d29d4f5360ace9c4ca89df parent 828f9496b4597f484669f924b862cb522cd29f32
16:12:11,600 root INFO not skipped for 70079f0842ed16d92ccaf6234104da5c6c791590
16:12:11,601 root INFO file exist for 70079f0842ed16d92ccaf6234104da5c6c791590 parent 3202136bd9798bbfb10c74245779d285f7c0fad3
16:12:12,320 root INFO not skipped for 70762365b3b7b48dff118c26def73c1a051547d0
16:12:12,321 root INFO file exist for 70762365b3b7b48dff118c26def73c1a051547d0 parent cad7d128a07ce3b82a7a0dae81e2caad52915d89
16:12:12,922 root INFO forceful skipped 71ab585220387429c8b2c0660d9f8e0e70464aca
16:12:12,922 root INFO not skipped for 71b693ba2da4a5654edb6d05bb69ed25608ced8a
16:12:12,922 root INFO file exist for 71b693ba2da4a5654edb6d05bb69ed25608ced8a parent 7c2f7bf62cc48fac20bb803f20da0ac9239d9048
16:12:13,270 root INFO not skipped for 71df067a0dbd27ef78e4c82ca7cc58fd138f65c3
16:12:13,270 root INFO file exist for 71df067a0dbd27ef78e4c82ca7cc58fd138f65c3 parent cbb3d39e338b55d5fa078bb41058b1843a996af5
16:12:13,822 root INFO not skipped for 739dccfcca05778793fc7d613b660e86fb3b7b99
16:12:13,822 root INFO file exist for 739dccfcca05778793fc7d613b660e86fb3b7b99 parent bb8fe903eac94c0f0e849d14a0be86e1e2503890
16:12:14,393 root INFO not skipped for 73b9f6efe33651347441d0f52ec919335b4a37a0
16:12:14,393 root INFO file exist for 73b9f6efe33651347441d0f52ec919335b4a37a0 parent 8770d580c48300322744e2cba18ce0628f6cf830
16:12:14,434 root INFO not skipped for 74aa0f63637675d5bea652f72910eb599d090eba
16:12:14,434 root INFO file exist for 74aa0f63637675d5bea652f72910eb599d090eba parent 5e634bfa07e1b99bf9152350c4dffa2da19ac654
16:12:14,497 root INFO not skipped for 74ec9cedf61c4a9f9bd4497bb7ce2b769230bbf5
16:12:14,497 root INFO file exist for 74ec9cedf61c4a9f9bd4497bb7ce2b769230bbf5 parent 08191232842fd67737d302facddde372a7e2f721
16:12:14,821 root INFO not skipped for 754b8f8e2e70729d138213d1476dc355aecf038b
16:12:14,822 root INFO file exist for 754b8f8e2e70729d138213d1476dc355aecf038b parent f2f621342004ab009c3e3d819a61a251775b4cae
16:12:15,150 root INFO not skipped for 758a131454217900f2b7e45b361ca0173fcaf89b
16:12:15,151 root INFO file exist for 758a131454217900f2b7e45b361ca0173fcaf89b parent a29e77fe2914e269c547488babd07ac1bea7a01e
16:12:15,686 root INFO not skipped for 76b9b393689d4d5a2e3ecce2fc78ffca524e8f0d
16:12:15,686 root INFO file exist for 76b9b393689d4d5a2e3ecce2fc78ffca524e8f0d parent 23a936e6548b228410c7c402265b578aaa1d3bf3
16:12:16,290 root INFO not skipped for 77664d9d7f1d4bca02bf7bb58eb6de9a14338fe7
16:12:16,290 root INFO file exist for 77664d9d7f1d4bca02bf7bb58eb6de9a14338fe7 parent d4da257dc64354b0e13956d2d9dcdbb7628ec4a8
16:12:17,111 root INFO not skipped for 7930f04bc420ccfd9b315cef6e75d3c224dc65ec
16:12:17,112 root INFO file exist for 7930f04bc420ccfd9b315cef6e75d3c224dc65ec parent 3e3034d7566b0047ef2bf5af2e29ce51f94a2d2e
16:12:17,614 root INFO not skipped for 79def1b51d8bee8c6d75df44270b06264090bf72
16:12:17,614 root INFO file exist for 79def1b51d8bee8c6d75df44270b06264090bf72 parent 83edce05c1361d3189de1a38e4ed219f953e3721
16:12:18,324 root INFO not skipped for 7a456e5b935242acaf16619b4ae8e9a12e4e52f6
16:12:18,325 root INFO file exist for 7a456e5b935242acaf16619b4ae8e9a12e4e52f6 parent 285e7f2e947de7d0177c475f5960ecc7836bda79
16:12:19,101 root INFO not skipped for 7af8ff452796f324df9f67fe023d1d2092889b80
16:12:19,101 root INFO file exist for 7af8ff452796f324df9f67fe023d1d2092889b80 parent 97f90cc3fcd93575c6cfc86db075fe360503d7c4
16:12:19,860 root INFO not skipped for 7c1c5d54e7e89bc8368b783d6d064ae46fb2b5b6
16:12:19,860 root INFO file exist for 7c1c5d54e7e89bc8368b783d6d064ae46fb2b5b6 parent ba8f318ef9405a2e90cef78cd6e349da68f06f55
16:12:20,597 root INFO not skipped for 7c6f11dd076225fc7acf90cb327e27da85f7c4d0
16:12:20,597 root INFO file exist for 7c6f11dd076225fc7acf90cb327e27da85f7c4d0 parent 157d89fa809b3a1258331a27bc25869407f46b84
16:12:21,64 root INFO not skipped for 7d9cd70e5531206dde733480900fdf56386a4a29
16:12:21,65 root INFO file exist for 7d9cd70e5531206dde733480900fdf56386a4a29 parent 72122470c7219a5874587b4c1ca33dfbd73df7a4
16:12:21,600 root INFO not skipped for 7e198b29d84b2de26598c639f9d49eeb216df681
16:12:21,600 root INFO file exist for 7e198b29d84b2de26598c639f9d49eeb216df681 parent ae464bdb6f7ca19306fe23ff267bf7f8bb17e962
16:12:21,654 root INFO not skipped for 7e594e390a05230e91d063eea7edf5d48f0da608
16:12:21,655 root INFO file exist for 7e594e390a05230e91d063eea7edf5d48f0da608 parent 6eba9a827fac10720d8ca9f35412c5988e4c9256
16:12:22,489 root INFO not skipped for 7ed2b6610ae8bb7aca8200922d74ac731815227c
16:12:22,489 root INFO file exist for 7ed2b6610ae8bb7aca8200922d74ac731815227c parent 772ccb3386c8203b0e180291472f1134476630a4
16:12:23,167 root INFO not skipped for 8117ae92b9659b06d4f080d29021f4ffddc85a1b
16:12:23,168 root INFO file exist for 8117ae92b9659b06d4f080d29021f4ffddc85a1b parent 452799f7bb269698ad3d0fb01b8a722338538499
16:12:23,666 root INFO not skipped for 81bdfe16c685720672a6f7c54c526f2e112dd090
16:12:23,666 root INFO file exist for 81bdfe16c685720672a6f7c54c526f2e112dd090 parent c60a9625e2b97f7bcafbbb530e6c36c109420f0a
16:12:24,23 root INFO not skipped for 822a98e0456cf4bdb3e6768e05d3a46e835fee99
16:12:24,23 root INFO file exist for 822a98e0456cf4bdb3e6768e05d3a46e835fee99 parent 5090c9ae27e311897c39b0533280a1eba475db53
16:12:24,728 root INFO not skipped for 83d81b076b32acdf3f82077c7f4c2a2e160aa32f
16:12:24,729 root INFO file exist for 83d81b076b32acdf3f82077c7f4c2a2e160aa32f parent 6ccfb5ea5233179909a6d83a6412c124bee86cbc
16:12:24,975 root INFO not skipped for 83dc8d6272f3fa673d44289e71e52a5a9db9eeac
16:12:24,976 root INFO file exist for 83dc8d6272f3fa673d44289e71e52a5a9db9eeac parent 8af50fb169456953bdc8d74c62de07caa8d90e5c
16:12:25,514 root INFO not skipped for 8474131f5bd11c3851de4ea40e3041b60c8fe22c
16:12:25,515 root INFO file exist for 8474131f5bd11c3851de4ea40e3041b60c8fe22c parent 5e57af605c6a974370efa64fc9bf6b74c90f9bf5
16:12:26,90 root INFO not skipped for 853942d62363b6b999c402066abd71ff8f259448
16:12:26,91 root INFO file exist for 853942d62363b6b999c402066abd71ff8f259448 parent 2396b890439a877f64b0d87a0aad10d5fb101fef
16:12:26,796 root INFO not skipped for 85912c0c33cca3501b4746f162f7ebb61f1fe952
16:12:26,797 root INFO file exist for 85912c0c33cca3501b4746f162f7ebb61f1fe952 parent 228ec52e14c771a2ec971c9667d594efb2909962
16:12:26,908 root INFO not skipped for 8665d850e7fe7cc630ed69ac5bb1d99a17bc8449
16:12:26,908 root INFO file exist for 8665d850e7fe7cc630ed69ac5bb1d99a17bc8449 parent b14aecd654e2d7f159c31ad2b5eb7b557dab39ef
16:12:27,29 root INFO not skipped for 86c41378b6f3670cd91cbf4fd10174cd167bb5bb
16:12:27,29 root INFO file exist for 86c41378b6f3670cd91cbf4fd10174cd167bb5bb parent 0235967ca525133e3666c4661668f52335c9f0dc
16:12:27,126 root INFO not skipped for 86ea3a0fb7dba43965e906a702aceaaa53e24d50
16:12:27,126 root INFO file exist for 86ea3a0fb7dba43965e906a702aceaaa53e24d50 parent 789e4aa73004fc4e25ebf0bc2db8a3d89d510d10
16:12:27,858 root INFO not skipped for 871fcc3cedd77943c721ac26935ec62219f8f988
16:12:27,858 root INFO file exist for 871fcc3cedd77943c721ac26935ec62219f8f988 parent e4627fb8411571aec24de0aed522a0b44ad5b54b
16:12:28,529 root INFO not skipped for 886974a2f11e24d4bc9ace91d2bb41c8c5c242a2
16:12:28,529 root INFO file exist for 886974a2f11e24d4bc9ace91d2bb41c8c5c242a2 parent cd089a159fce7afcfae89b96f76544c4c15d4adc
16:12:28,894 root INFO not skipped for 88c7901e97d7dd3e1ce218defdcfd018158bb8aa
16:12:28,894 root INFO file exist for 88c7901e97d7dd3e1ce218defdcfd018158bb8aa parent 5a149df16e142571e1f6348a6eb2ffb87fe51261
16:12:29,278 root INFO not skipped for 891c0ad1b9b88dd966f5761c178854bf81f2e31b
16:12:29,278 root INFO file exist for 891c0ad1b9b88dd966f5761c178854bf81f2e31b parent 6f60c4e433f22b73aac6f636ac8dc1da750b3c05
16:12:29,703 root INFO not skipped for 89fcd45f75f79f5f223e4f572ef332f75869dcef
16:12:29,703 root INFO file exist for 89fcd45f75f79f5f223e4f572ef332f75869dcef parent 4e75f57bdf3021d7bb3742a3933cd4a938d369ff
16:12:30,222 root INFO not skipped for 8a588f565f98fb914c9b3a29fd1f43a9f6d1fe70
16:12:30,222 root INFO file exist for 8a588f565f98fb914c9b3a29fd1f43a9f6d1fe70 parent 4ec95b527dae8a0dc6b173d07670d6c95df3bd55
16:12:30,982 root INFO not skipped for 8b37ccfafe220e3978c77056eca7125d1ed06a1d
16:12:30,982 root INFO file exist for 8b37ccfafe220e3978c77056eca7125d1ed06a1d parent 5597715b8ea71287115fd9a8030a26593b99f558
16:12:31,699 root INFO not skipped for 8b51e7b5cd9578de40d133e4ea7e2a7d2c70cc72
16:12:31,699 root INFO file exist for 8b51e7b5cd9578de40d133e4ea7e2a7d2c70cc72 parent 2c81e86a09c23096b8e4d64bfe6d612c21d32e72
16:12:31,810 root INFO not skipped for 8c824412656774a46ade0e9b69c3d8c33165f5e0
16:12:31,810 root INFO file exist for 8c824412656774a46ade0e9b69c3d8c33165f5e0 parent 9ff844921b6f41ea953f41b61d62f6ab316f4188
16:12:32,671 root INFO not skipped for 8cd9aa0c059d3fecc7c609d850e5d0b87a07b9a2
16:12:32,671 root INFO file exist for 8cd9aa0c059d3fecc7c609d850e5d0b87a07b9a2 parent 43e3a396d5243a36b5a053763bc9e91e65b3b0e3
16:12:33,54 root INFO not skipped for 8e61889ba0778848f796784d43cf454b7d51d0ae
16:12:33,54 root INFO file exist for 8e61889ba0778848f796784d43cf454b7d51d0ae parent ccd5163b1a18b708cb374146186c6c5abe183417
16:12:33,308 root INFO not skipped for 8f2054f4a4dececcbc2363f94ff2a43a281eafbd
16:12:33,308 root INFO file exist for 8f2054f4a4dececcbc2363f94ff2a43a281eafbd parent f16c56dbe8cbdc6da62d9e4162f5d05853fd3d35
16:12:34,15 root INFO not skipped for 8f38c0cbcaeaddde7e7fba6dbd7132dcfa2dc700
16:12:34,15 root INFO file exist for 8f38c0cbcaeaddde7e7fba6dbd7132dcfa2dc700 parent 93a4e04045f3cc29892525b245c8f6e232b4cc44
16:12:34,639 root INFO not skipped for 8fa70b58aa054bd6e973398b0c85dd45a2cb4193
16:12:34,639 root INFO file exist for 8fa70b58aa054bd6e973398b0c85dd45a2cb4193 parent d045c1792998f2305c41d5b0a3e14a979f4ff86e
16:12:34,752 root INFO not skipped for 8fcd62ceec7cf59e494eb4bafc8139d73aacdd95
16:12:34,753 root INFO file exist for 8fcd62ceec7cf59e494eb4bafc8139d73aacdd95 parent e4774a65a723ce5838947c64d6b85dbe8532aeda
16:12:35,57 root INFO not skipped for 8fcf5cf2fd074d85d369cf640ad8ca5837b0d261
16:12:35,58 root INFO file exist for 8fcf5cf2fd074d85d369cf640ad8ca5837b0d261 parent 833b4c3884b5a8ede7730c39be3da1cdcbf2f847
16:12:35,298 root INFO not skipped for 90c123621a03a8d017845ca94319969618c53c69
16:12:35,299 root INFO file exist for 90c123621a03a8d017845ca94319969618c53c69 parent 06f2c96e3c935b887df6d67fa9a14da4455c702f
16:12:36,6 root INFO not skipped for 937eb90a705bf7a2e009c4a61ef229e2709e98fa
16:12:36,7 root INFO file exist for 937eb90a705bf7a2e009c4a61ef229e2709e98fa parent b769594fc76bbbb26530928721d827e60e4e0756
16:12:36,894 root INFO not skipped for 942493051eb3deb429b7c4a755807b5a366f2bdf
16:12:36,894 root INFO file exist for 942493051eb3deb429b7c4a755807b5a366f2bdf parent 7db6f3809c07c93729a8183cf80c19a9643d0837
16:12:37,703 root INFO not skipped for 97a7fba7620da59969b19e329b01c603d52a0bc4
16:12:37,704 root INFO file exist for 97a7fba7620da59969b19e329b01c603d52a0bc4 parent dbf3f80853c347f2114e96aba7710b77bfc4d8ff
16:12:38,413 root INFO not skipped for 97ac55669e83e0c196eccbcf34453c544f172087
16:12:38,413 root INFO file exist for 97ac55669e83e0c196eccbcf34453c544f172087 parent b32145951500de3d2821e6d352cddc8389743ffb
16:12:38,909 root INFO not skipped for 97ff599330e71649e5d3573b033e23030a123a8e
16:12:38,909 root INFO file exist for 97ff599330e71649e5d3573b033e23030a123a8e parent 8fc93f5e890c5c55819abbc16ab7bbd297dbaf95
16:12:39,41 root INFO not skipped for 991b4757cff70c925e87e90b091ffdbc11dff9ae
16:12:39,42 root INFO file exist for 991b4757cff70c925e87e90b091ffdbc11dff9ae parent 4d4eb1fbf96b2c801435f6eba2cd61dd21664bc6
16:12:39,536 root INFO not skipped for 99700d7526a57ece50f779ffc6f9ae75f8e37288
16:12:39,537 root INFO file exist for 99700d7526a57ece50f779ffc6f9ae75f8e37288 parent d6296bd85fb3981124ebd0bbe855c7f9f2a1ec7f
16:12:40,355 root INFO not skipped for 99cc1afd1b81fafb61c8bdbe7dadb0bfb984cb13
16:12:40,356 root INFO file exist for 99cc1afd1b81fafb61c8bdbe7dadb0bfb984cb13 parent f6d25ccf3380b395932f7dd06ba430930512d6b0
16:12:41,173 root INFO not skipped for 99ee5bdee010f1f07227f6a0b5ec00218166b784
16:12:41,173 root INFO file exist for 99ee5bdee010f1f07227f6a0b5ec00218166b784 parent 59fff65a857d6eb84f591fc94a9c582f427540f7
16:12:41,889 root INFO not skipped for 9aa14a07c82fe0f7cd442ffdee60499b93ad8b47
16:12:41,890 root INFO file exist for 9aa14a07c82fe0f7cd442ffdee60499b93ad8b47 parent 9ebf4a0f527b8ca6cc200cd62d364a55640471df
16:12:42,351 root INFO not skipped for 9af5268605a469498d6beee3767da9cc738278e3
16:12:42,352 root INFO file exist for 9af5268605a469498d6beee3767da9cc738278e3 parent cc23b61b0308167ed0ea16cbc3bc30d11659b298
16:12:43,206 root INFO not skipped for 9c4c0679421c63412188f3f1c86f0bcd497be90e
16:12:43,206 root INFO file exist for 9c4c0679421c63412188f3f1c86f0bcd497be90e parent db630557bac9a804b3c303be76c96169432312bd
16:12:43,928 root INFO not skipped for 9c54cc3a547397baaf99a327384eb3643938c5ef
16:12:43,928 root INFO file exist for 9c54cc3a547397baaf99a327384eb3643938c5ef parent 370df2512173e9ece421ea610c985ec19c7f0c4f
16:12:44,733 root INFO not skipped for 9ca01cdb69025cbbca32cb512d39c698ed82d4fe
16:12:44,733 root INFO file exist for 9ca01cdb69025cbbca32cb512d39c698ed82d4fe parent b958b129e4626657cb378743d23a8cf053ae7bca
16:12:45,438 root INFO not skipped for 9cdb3ba27d8d249fbbd935932d13d4339db6f96b
16:12:45,438 root INFO file exist for 9cdb3ba27d8d249fbbd935932d13d4339db6f96b parent 90d1467735393c8d9b9f79da1191fdfb5a3130e2
16:12:46,183 root INFO not skipped for 9d28ec81f9818e8e84045538ad4cadffeeb4ef8d
16:12:46,183 root INFO file exist for 9d28ec81f9818e8e84045538ad4cadffeeb4ef8d parent d36b8893c794e301f2ceb970e6d6f00bf4d1da43
16:12:46,781 root INFO not skipped for 9dca569cc4efd99bca4165f1d6beb16df5467f05
16:12:46,782 root INFO file exist for 9dca569cc4efd99bca4165f1d6beb16df5467f05 parent 48294ae66839810d221a809fd32fb7a0c46b6285
16:12:47,618 root INFO not skipped for 9e481330c755e1e4b64e6024e922bcf4f100d92f
16:12:47,618 root INFO file exist for 9e481330c755e1e4b64e6024e922bcf4f100d92f parent 230106c18bee89a12628c25e8fb60cedc5b694e7
16:12:48,114 root INFO not skipped for 9e71af05bc4bc49426aa28e9fc9709e3ae4fa067
16:12:48,114 root INFO file exist for 9e71af05bc4bc49426aa28e9fc9709e3ae4fa067 parent c01be1ca027404a883afb302c7993d45668aee5f
16:12:48,204 root INFO not skipped for 9f163ed9a15bbe9b73d02d165deeb5448948eca8
16:12:48,205 root INFO file exist for 9f163ed9a15bbe9b73d02d165deeb5448948eca8 parent 7e8b5e37fc1237250ba24f98f3192f2c0ac15e5b
16:12:48,867 root INFO not skipped for 9f85ecdd79aff0a484f0668338574b07cc4d933d
16:12:48,868 root INFO file exist for 9f85ecdd79aff0a484f0668338574b07cc4d933d parent ff1ced2f6cebe11df5cb8b34d7030398cdda3b64
16:12:48,926 root INFO not skipped for 9fb0af8b0f097aa6379fc337eb8876b2db3d260c
16:12:48,927 root INFO file exist for 9fb0af8b0f097aa6379fc337eb8876b2db3d260c parent b5b423d53b0b860c5988c63da32e9ec58fc770db
16:12:49,561 root INFO not skipped for 9fc15f0b915267404df6a8e25d0977f96130d9e3
16:12:49,561 root INFO file exist for 9fc15f0b915267404df6a8e25d0977f96130d9e3 parent 3df4506365c0bce73d45bc426e3d8c75f3590aa4
16:12:50,393 root INFO not skipped for a09cc0578178fdb517d073a37536f0b5d71e0b08
16:12:50,393 root INFO file exist for a09cc0578178fdb517d073a37536f0b5d71e0b08 parent fc81d649b84e1e7bb030a0dc4d95f1f195d71669
16:12:51,56 root INFO not skipped for a16aed50ebd709818e3a04324e3df62b833b7485
16:12:51,56 root INFO file exist for a16aed50ebd709818e3a04324e3df62b833b7485 parent 4dee15c8c363d01de12f8232185e6c5e2769d0d9
16:12:51,762 root INFO not skipped for a259222c4687427a69b1424334a88930099437c1
16:12:51,762 root INFO file exist for a259222c4687427a69b1424334a88930099437c1 parent b9da87eff8d18d700e8e0e333e4ae28eecf16cf0
16:12:51,978 root INFO not skipped for a29cc7ae89a2716ba52f7d1d43a751c63027ac91
16:12:51,979 root INFO file exist for a29cc7ae89a2716ba52f7d1d43a751c63027ac91 parent 90b9a04858802bc2a3361125bc2ae28c9c840ee2
16:12:52,477 root INFO not skipped for a41858f2f83d7c241cdcc894185adcc62828e1fb
16:12:52,478 root INFO file exist for a41858f2f83d7c241cdcc894185adcc62828e1fb parent 9d1af2b7a522ed0f2d7ef93adec2d97ca3ab3b2f
16:12:52,771 root INFO not skipped for a47ab2d911fa6d51a70b216ecc9f517c22261597
16:12:52,772 root INFO file exist for a47ab2d911fa6d51a70b216ecc9f517c22261597 parent 6f65c443efdad495f64e82279254ed44e0e49e62
16:12:53,129 root INFO not skipped for a4f325bddb10dfc5a6143d0c3d50514c74342a5f
16:12:53,129 root INFO file exist for a4f325bddb10dfc5a6143d0c3d50514c74342a5f parent 10304f2bdddf8c8b9180f560d323b0d3f1b73d79
16:12:53,364 root INFO not skipped for a5d9de59f8b966b0c1599432b0252984c4e597a0
16:12:53,364 root INFO file exist for a5d9de59f8b966b0c1599432b0252984c4e597a0 parent a4ee44f4b3eeebd58c76fa544c5743364830ad6b
16:12:54,254 root INFO not skipped for a66133e05385d45fd42c13d80f7c71406f9e2244
16:12:54,254 root INFO file exist for a66133e05385d45fd42c13d80f7c71406f9e2244 parent a0236ee67f08616c71b1b074ccdd260c4890e333
16:12:54,745 root INFO not skipped for a6df4604393f2fcb573cffc8c3840dbe79ff1c5d
16:12:54,745 root INFO file exist for a6df4604393f2fcb573cffc8c3840dbe79ff1c5d parent 4b57f1b3ae4d45e9110f3c931a698c0f95fa7747
16:12:54,774 root INFO not skipped for a792e5ef2525ec6e9e6b18f0caebc1e9c9841b81
16:12:54,774 root INFO file exist for a792e5ef2525ec6e9e6b18f0caebc1e9c9841b81 parent 90df330e52de5d5eec9edc238307304a6e0e7f20
16:12:55,543 root INFO not skipped for a7e0bc028c89fe4a53fb0764133fc8a834a40f16
16:12:55,544 root INFO file exist for a7e0bc028c89fe4a53fb0764133fc8a834a40f16 parent bbef427372443a74f26435be578ea3b591a105fb
16:12:55,844 root INFO not skipped for a850f6275ceff130d913b1a4c7e0c9372c57356d
16:12:55,844 root INFO file exist for a850f6275ceff130d913b1a4c7e0c9372c57356d parent bec9a1b8a38ee3377c0be162ea65ef5cbc77cc1b
16:12:56,230 root INFO not skipped for ab2f5a6a4f44e47628b805bb9b6e2c8981b07bca
16:12:56,230 root INFO file exist for ab2f5a6a4f44e47628b805bb9b6e2c8981b07bca parent ea035b776c64f9db2c55e0c7c5728de9d70ea815
16:12:56,583 root INFO not skipped for acc1d1391540fe25bd02df321163fbabb89c90ae
16:12:56,583 root INFO file exist for acc1d1391540fe25bd02df321163fbabb89c90ae parent 6857df0422e85f0bdb308fc3855ef7b6d8dad7a2
16:12:57,33 root INFO not skipped for ae375aa8a1e6e4fd85c58c331161826738f4394f
16:12:57,33 root INFO file exist for ae375aa8a1e6e4fd85c58c331161826738f4394f parent 49b55eb199cc35e1baa237bbb2ab07ae69f0bacc
16:12:57,521 root INFO not skipped for aedd2ce49376042e3dbdcb1d9147754214ff4697
16:12:57,521 root INFO file exist for aedd2ce49376042e3dbdcb1d9147754214ff4697 parent 2c563436e41067fa253f824ca0e768500dc29d34
16:12:58,355 root INFO not skipped for af7ccce2361fb14da1ec630c08bb701202cda865
16:12:58,355 root INFO file exist for af7ccce2361fb14da1ec630c08bb701202cda865 parent 1c73f6fd63588ba6b8be09db6b0da9b4d71a7b62
16:12:59,72 root INFO not skipped for b03e2336477b614e9bd9f6aedbca6f8a1b100453
16:12:59,72 root INFO file exist for b03e2336477b614e9bd9f6aedbca6f8a1b100453 parent 5960740d1882cad84c253ad04760772225ae36d8
16:12:59,868 root INFO not skipped for b17e43333b574d109f8487a35b07f311cbfe9a2e
16:12:59,868 root INFO file exist for b17e43333b574d109f8487a35b07f311cbfe9a2e parent 974c6c9f210e38267be6fa6d81de3ddf3a654334
16:12:59,933 root INFO not skipped for b18abcb4963ce92e1f2c6a3576202d36e25c6da6
16:12:59,933 root INFO file exist for b18abcb4963ce92e1f2c6a3576202d36e25c6da6 parent 556314cd688e51b1624db5e4bf07eb64adf0ee4b
16:13:00,97 root INFO not skipped for b1bd41ebceea5a25badf281a2a8968520527f6b6
16:13:00,97 root INFO file exist for b1bd41ebceea5a25badf281a2a8968520527f6b6 parent 950d67c55ef8469da841ae9f1f38c3fa56a9d853
16:13:00,244 root INFO not skipped for b2b85e51bdba99f277fe8dc9ef8170020f6931a6
16:13:00,244 root INFO file exist for b2b85e51bdba99f277fe8dc9ef8170020f6931a6 parent ea0122a6560b81353f0fd381ef5d07e197139f91
16:13:01,82 root INFO not skipped for b3a5fce797696ff969ed5e8da67cc05625e16ed1
16:13:01,82 root INFO file exist for b3a5fce797696ff969ed5e8da67cc05625e16ed1 parent ef1a0b72af2532ae206fba6df845f9131d1f6876
16:13:01,527 root INFO not skipped for b4e8751acb60086d48f120178fba618880930599
16:13:01,527 root INFO file exist for b4e8751acb60086d48f120178fba618880930599 parent dee7967d2ac3290424a0dd1dbd1553aaaa193d02
16:13:01,949 root INFO not skipped for b5104768dfc5e762e3bcc4578d5aac91f98cf384
16:13:01,949 root INFO file exist for b5104768dfc5e762e3bcc4578d5aac91f98cf384 parent d3c98dd14876b161c29904df8c2d9044c929c67f
16:13:02,730 root INFO not skipped for b5b0b6cb562b4704e819ed8989a836e060fd1b1b
16:13:02,730 root INFO file exist for b5b0b6cb562b4704e819ed8989a836e060fd1b1b parent f1ff22c310c95084c4e550bd9ead2a1205ad7060
16:13:03,90 root INFO not skipped for b5b0bcb9214e79bdaab4ba93f33cc71b7a0e30a8
16:13:03,90 root INFO file exist for b5b0bcb9214e79bdaab4ba93f33cc71b7a0e30a8 parent aa9a9c2bed2084897e4f311c8783b8a89858a876
16:13:03,919 root INFO not skipped for b60b81a56d1ce90067bbcf07781ae608aace7110
16:13:03,919 root INFO file exist for b60b81a56d1ce90067bbcf07781ae608aace7110 parent fd88c9a96a9b7c4aa19dc9aaa28a55a76852fc59
16:13:04,210 root INFO not skipped for b6ac0aadee31944fa1bec0f9c2aa7eab2f1e38c9
16:13:04,210 root INFO file exist for b6ac0aadee31944fa1bec0f9c2aa7eab2f1e38c9 parent 32a02cecaafab30deb61a30f187ffb8d3b87fc15
16:13:04,873 root INFO not skipped for b719788981f3355e23d67e46952bfdae07e40430
16:13:04,873 root INFO file exist for b719788981f3355e23d67e46952bfdae07e40430 parent e97a7e342e53ad06e83f206fbfbca4f7332de9a5
16:13:04,979 root INFO not skipped for b78af8b42c02943a0d3353f721f77c25d3dce23a
16:13:04,980 root INFO file exist for b78af8b42c02943a0d3353f721f77c25d3dce23a parent efc22da116dffc30f22f448c95bb3dd6a89f1bd4
16:13:05,706 root INFO not skipped for b7bf878e43a8cb8b3fca17852e8c94aeb7dff653
16:13:05,707 root INFO file exist for b7bf878e43a8cb8b3fca17852e8c94aeb7dff653 parent 61640493fa5731f968ad69d0f095515f67b65dbb
16:13:06,40 root INFO not skipped for b7e317fb220cf3f39296f90766ee9e1ddf00d634
16:13:06,41 root INFO file exist for b7e317fb220cf3f39296f90766ee9e1ddf00d634 parent 14bc46fe0db265814ad611881ccdc0be9aeb33d1
16:13:06,831 root INFO not skipped for b8b433f625c62d483588ece1de062eef19b27adf
16:13:06,831 root INFO file exist for b8b433f625c62d483588ece1de062eef19b27adf parent 3da887463bca751b9650d3215aac6d885932ddb6
16:13:07,163 root INFO not skipped for b950929b7cd224c32eef1b2d3afc32d4c6b53ab4
16:13:07,163 root INFO file exist for b950929b7cd224c32eef1b2d3afc32d4c6b53ab4 parent b6bc06d3d28f538cd70544c0344750da5f500e43
16:13:07,709 root INFO forceful skipped ba105a646c4f43c4680886002d932139f0448668
16:13:07,709 root INFO not skipped for bc19d2cc406ab626f75a1150baeaab07f0b909fd
16:13:07,710 root INFO file exist for bc19d2cc406ab626f75a1150baeaab07f0b909fd parent 9d816d28b979006e8c6454c03932beb754b079bb
16:13:08,370 root INFO not skipped for bc394dcf67221ea230c049cce9a420d56bbd9f74
16:13:08,371 root INFO file exist for bc394dcf67221ea230c049cce9a420d56bbd9f74 parent 8c5fd6956dc406abaf57260275d5c5762bf4ed0b
16:13:09,142 root INFO not skipped for bdaacb65c3379942ea278219e41707936e766206
16:13:09,142 root INFO file exist for bdaacb65c3379942ea278219e41707936e766206 parent 1d8de6b34ea0ddb64fc94b478c0950c0d35de605
16:13:09,572 root INFO not skipped for be98a689f74e882198adf305ee75fa17a5b67798
16:13:09,573 root INFO file exist for be98a689f74e882198adf305ee75fa17a5b67798 parent bf3d3083eba32c43c836dd2920fe29a43d654ab4
16:13:10,374 root INFO not skipped for bec9a1b8a38ee3377c0be162ea65ef5cbc77cc1b
16:13:10,374 root INFO file exist for bec9a1b8a38ee3377c0be162ea65ef5cbc77cc1b parent 14ec8c603243beccb580cfd12bb9d4dd4248e351
16:13:10,760 root INFO not skipped for bf3d3083eba32c43c836dd2920fe29a43d654ab4
16:13:10,760 root INFO file exist for bf3d3083eba32c43c836dd2920fe29a43d654ab4 parent c554aceba627ffd1c28b8a80192a7f1baddf9a7c
16:13:11,578 root INFO not skipped for bf91e70c9f8107edaf132bab5b2ce70087da7bfd
16:13:11,578 root INFO file exist for bf91e70c9f8107edaf132bab5b2ce70087da7bfd parent bad65fe858901f06ab21bf54ecf77d7ac430c083
16:13:12,289 root INFO not skipped for bfa41bb6cd708b5670f112312e68fb073a4ea18c
16:13:12,290 root INFO file exist for bfa41bb6cd708b5670f112312e68fb073a4ea18c parent 3e984b12209f3ed84b6237ef4b194f1a4f1a69bf
16:13:12,733 root INFO not skipped for c034f3536adbded3827febd175099fdaf4ed5a06
16:13:12,733 root INFO file exist for c034f3536adbded3827febd175099fdaf4ed5a06 parent 3ed605c62b672897be32db455dd5b9aa7071b6d6
16:13:12,852 root INFO not skipped for c0ef77890e9388db6da6e8036ad2fb34084b709e
16:13:12,852 root INFO file exist for c0ef77890e9388db6da6e8036ad2fb34084b709e parent 4a3e369af0da06a5414e0b484da4b1e70dd4d584
16:13:13,44 root INFO not skipped for c2172cc58845f8984619a1d83073fb9443ab1aa9
16:13:13,44 root INFO file exist for c2172cc58845f8984619a1d83073fb9443ab1aa9 parent bb1568317b8898683ef90f731916cbf28f507a4f
16:13:13,765 root INFO not skipped for c29f2a44e61e259a6103ef5ed874d3cf02c24d74
16:13:13,765 root INFO file exist for c29f2a44e61e259a6103ef5ed874d3cf02c24d74 parent 1d07ad353eee6e8ccaeb0b013629571ce6663617
16:13:14,393 root INFO not skipped for c4d09ab9beb6320ed5de19f7c716bb9586751e51
16:13:14,394 root INFO file exist for c4d09ab9beb6320ed5de19f7c716bb9586751e51 parent 39aa949aed3cb1356f4a53e2537283d18f1427e6
16:13:14,695 root INFO not skipped for c543cef8b16fb80a74dfe1a42c18546001b7a781
16:13:14,696 root INFO file exist for c543cef8b16fb80a74dfe1a42c18546001b7a781 parent 9ad46fbf889db8e2b5a459247b86efa9b5247160
16:13:15,248 root INFO not skipped for c5a4264e5889602edad8a326aba1cf9a2d012cf8
16:13:15,248 root INFO file exist for c5a4264e5889602edad8a326aba1cf9a2d012cf8 parent 1a0c050deceaccd82f5618951d8de04ccf29d4c8
16:13:15,402 root INFO not skipped for c608b10430729f8745dd5688b3148e7cd045bfa6
16:13:15,403 root INFO file exist for c608b10430729f8745dd5688b3148e7cd045bfa6 parent ea4f9c8903161509c633b5d91bd257062110d399
16:13:15,445 root INFO not skipped for c66b3e8fa9f875cb63c25a12e88ae88b898e10a7
16:13:15,446 root INFO file exist for c66b3e8fa9f875cb63c25a12e88ae88b898e10a7 parent 387555b4a1e3f440a04d878d9fe1fc5a5bd64c70
16:13:16,211 root INFO not skipped for c74b43baf22b17fc3f248d665ad85bf5f8c6045b
16:13:16,211 root INFO file exist for c74b43baf22b17fc3f248d665ad85bf5f8c6045b parent 59b14bd00969b2e98bfb4ec13be0eaed1beef709
16:13:16,717 root INFO not skipped for cc44bac3c3b8e0e680f8dd6c9da2898c2e39b7d9
16:13:16,718 root INFO file exist for cc44bac3c3b8e0e680f8dd6c9da2898c2e39b7d9 parent 9e8fc3f4a2c74cb9ba338a2407ca3c6aeb51d657
16:13:17,446 root INFO not skipped for cd089a159fce7afcfae89b96f76544c4c15d4adc
16:13:17,447 root INFO file exist for cd089a159fce7afcfae89b96f76544c4c15d4adc parent 59afc3a38b1d67e19b69b677818cb62703f17e69
16:13:17,806 root INFO not skipped for cd2eb5dcf18734139323301a55fa051548ab24cb
16:13:17,807 root INFO file exist for cd2eb5dcf18734139323301a55fa051548ab24cb parent 76dda01512112d51bd57f223f0be7ae8e9b75c16
16:13:18,351 root INFO not skipped for cda02a2754da66653bea6ea569f7739f2e954747
16:13:18,351 root INFO file exist for cda02a2754da66653bea6ea569f7739f2e954747 parent 0b776f338abff64bb10ef1da30caa25ad70dbccb
16:13:19,197 root INFO not skipped for cdfb78be31b7f45426ee67e8295c1ba0dae306b7
16:13:19,198 root INFO file exist for cdfb78be31b7f45426ee67e8295c1ba0dae306b7 parent d27496d6da7247cce2e00bdeb1e566a02e8159a5
16:13:19,315 root INFO not skipped for d038fed36eaa2584bef03fc1d7ad3ca9f6235b66
16:13:19,316 root INFO file exist for d038fed36eaa2584bef03fc1d7ad3ca9f6235b66 parent 8ce1607b236bf1c5dd85ef520bb6cc2f35bee91c
16:13:19,804 root INFO not skipped for d1e9e44fda275d856140e99118af57b9b3e372ef
16:13:19,804 root INFO file exist for d1e9e44fda275d856140e99118af57b9b3e372ef parent b9e32ef88fef3f29a179935bb330c3d3a8fda31d
16:13:20,265 root INFO forceful skipped d29a2b093f0afe7a3e3121c9235cdde4243fdb52
16:13:20,265 root INFO not skipped for d2e32f7d3c977884d249c88ff190aa2f8babcd92
16:13:20,266 root INFO file exist for d2e32f7d3c977884d249c88ff190aa2f8babcd92 parent 2383390cbff567bb3cb6eb95fba31ccabed81ae7
16:13:20,718 root INFO not skipped for d2e8f058e54caa887f5d00d13a41d66f2fa4e445
16:13:20,718 root INFO file exist for d2e8f058e54caa887f5d00d13a41d66f2fa4e445 parent 48f79c0a8ea0cec04d22d5371f82af85cb9e7120
16:13:20,875 root INFO not skipped for d312bc8a21db5286486c9511fa34cefe2b62608d
16:13:20,876 root INFO file exist for d312bc8a21db5286486c9511fa34cefe2b62608d parent 73d638b45dd0588403d01c30d36714dba5547a1d
16:13:21,501 root INFO not skipped for d3f923f863f769b2ca72fb691c052d4f7db13899
16:13:21,501 root INFO file exist for d3f923f863f769b2ca72fb691c052d4f7db13899 parent cc57b9d4c0735e48f48b05557c88d1a38215408b
16:13:22,103 root INFO not skipped for d624ee99f0b1acb5992b5ac720d8006475644b49
16:13:22,103 root INFO file exist for d624ee99f0b1acb5992b5ac720d8006475644b49 parent 7f081f0e63174e3f6d59494dde0559b174d9f14c
16:13:22,931 root INFO not skipped for d650c87d8d4a60d4ad6fe2a514524d952a50bd94
16:13:22,932 root INFO file exist for d650c87d8d4a60d4ad6fe2a514524d952a50bd94 parent 942493051eb3deb429b7c4a755807b5a366f2bdf
16:13:23,746 root INFO not skipped for d9cae7a357742084be8d5ddb2f3f599cc89f0786
16:13:23,746 root INFO file exist for d9cae7a357742084be8d5ddb2f3f599cc89f0786 parent 233c887c3b60747022f8b5d6aff4cf7623bf16af
16:13:24,44 root INFO not skipped for da32c859982da7ec57ae3fc8b34a52c22006d20d
16:13:24,44 root INFO file exist for da32c859982da7ec57ae3fc8b34a52c22006d20d parent c502aab3bbd075fa3a8eb66ac64d95d013826cdd
16:13:24,644 root INFO not skipped for da371182aadaec625274f651e2a28ee6a71ff161
16:13:24,644 root INFO file exist for da371182aadaec625274f651e2a28ee6a71ff161 parent 4b3d58d4c98e78ab61b9b0d5c31ede6c32707715
16:13:25,479 root INFO not skipped for da764abb1ee6019ba4aef1572ef4bdd8022de3b0
16:13:25,480 root INFO file exist for da764abb1ee6019ba4aef1572ef4bdd8022de3b0 parent da371182aadaec625274f651e2a28ee6a71ff161
16:13:26,319 root INFO not skipped for dafe49f84ab9f76839c14a2ee9b904a4a309fb1b
16:13:26,319 root INFO file exist for dafe49f84ab9f76839c14a2ee9b904a4a309fb1b parent 08b19dbcdde5d6258515cf2620a855e7775d46ef
16:13:27,225 root INFO not skipped for db05bcb8a7333145860ad6bd6894fc74a7801c3e
16:13:27,225 root INFO file exist for db05bcb8a7333145860ad6bd6894fc74a7801c3e parent 9954f1d8e16812ad39b3fbf47ddd3c0de574c87e
16:13:27,751 root INFO not skipped for dc56dd0676bbf8c68310c287f953ae4a5917e0bd
16:13:27,751 root INFO file exist for dc56dd0676bbf8c68310c287f953ae4a5917e0bd parent 56b2e6c420cd8a0e9e5961ae3e2db32e27de4deb
16:13:28,549 root INFO not skipped for dc7e0236443004c7c945693749e43625aa9b2528
16:13:28,549 root INFO file exist for dc7e0236443004c7c945693749e43625aa9b2528 parent 45c8f50930abd69ca6b11c229c7571d341aedbef
16:13:29,272 root INFO not skipped for dd5afcfc905a115fb64df4ca486ccef14fb7193c
16:13:29,272 root INFO file exist for dd5afcfc905a115fb64df4ca486ccef14fb7193c parent ef7605ad6b8deb432c88d79abc14c65d2fbf7500
16:13:30,19 root INFO not skipped for de3a006d0a7e57eccba56e32b88f2b3fa9225047
16:13:30,19 root INFO file exist for de3a006d0a7e57eccba56e32b88f2b3fa9225047 parent b1e6c2253df5341a994865982aed7de6a3237090
16:13:30,177 root INFO not skipped for de709946757119a428e240bfeaab422c138b7d18
16:13:30,177 root INFO file exist for de709946757119a428e240bfeaab422c138b7d18 parent ce6d4a58594e8ae864d88ab35e9c07b8b59a265e
16:13:30,693 root INFO not skipped for df4ed6097155e9495c30747cfbd53579a8be10fc
16:13:30,693 root INFO file exist for df4ed6097155e9495c30747cfbd53579a8be10fc parent 7c475d64a101e2ad464802de2320263195bdcba1
16:13:31,498 root INFO not skipped for dfe5710aee2ec6545e7a471079ef6b4ce3d1adfa
16:13:31,498 root INFO file exist for dfe5710aee2ec6545e7a471079ef6b4ce3d1adfa parent 2356f2f69ddeae1acb7298b982667409f6350cee
16:13:32,208 root INFO not skipped for dfe94cf86887a0620560392c918be672d64d709f
16:13:32,209 root INFO file exist for dfe94cf86887a0620560392c918be672d64d709f parent 4dc2bcbac3587ce9ee429bc5e37308febae35241
16:13:32,274 root INFO not skipped for e00b208497f882c4570ae9676d814ba297aeeb95
16:13:32,275 root INFO file exist for e00b208497f882c4570ae9676d814ba297aeeb95 parent 5d13e397a05057a60aa5f6501c280055c3bb8e78
16:13:33,33 root INFO not skipped for e0de46652b00bc95378e8fbb3ff8913edb1673e6
16:13:33,33 root INFO file exist for e0de46652b00bc95378e8fbb3ff8913edb1673e6 parent d650c87d8d4a60d4ad6fe2a514524d952a50bd94
16:13:33,845 root INFO not skipped for e2f2a702a7c3342aa88fd447ea480814128c7697
16:13:33,846 root INFO file exist for e2f2a702a7c3342aa88fd447ea480814128c7697 parent 06ad62b3180bd44829616eca0b299485da763eda
16:13:34,276 root INFO not skipped for e339b25ef0ff5a30413e878dc38cc09d3565f535
16:13:34,276 root INFO file exist for e339b25ef0ff5a30413e878dc38cc09d3565f535 parent 58b823ad3926efb842feffba19b9c1f999b50d32
16:13:34,403 root INFO not skipped for e37288fc16edb7964b3d479ac1d058ab21f02c33
16:13:34,403 root INFO file exist for e37288fc16edb7964b3d479ac1d058ab21f02c33 parent e7b7cd65a2cb9d0f4e3a9db60ef86d89c67b0b81
16:13:34,559 root INFO not skipped for e576531a2c4060bac190fb99e2f586aaad806d3b
16:13:34,559 root INFO file exist for e576531a2c4060bac190fb99e2f586aaad806d3b parent e3c3c80d7d6af3074212bfa772bc8f132111ba50
16:13:34,933 root INFO not skipped for e5bf0b3f82407e1589a4952e3b7fe2a93d583345
16:13:34,934 root INFO file exist for e5bf0b3f82407e1589a4952e3b7fe2a93d583345 parent f4cdb3bf642b864fcc5eea7ca206a418f7b7d74a
16:13:35,667 root INFO not skipped for e6f5b4c5f32841f17670b7ec157d33aa89451f1f
16:13:35,667 root INFO file exist for e6f5b4c5f32841f17670b7ec157d33aa89451f1f parent 7beb2824c18a245f8935ea6264b61bb117133dea
16:13:36,541 root INFO not skipped for e76a1d6eb8d32f620a567f76e4a8713a2d57a503
16:13:36,542 root INFO file exist for e76a1d6eb8d32f620a567f76e4a8713a2d57a503 parent 3ee32effdaccdf2f0cf16dd200091b8b6da6c4d5
16:13:37,251 root INFO not skipped for e7b7cd65a2cb9d0f4e3a9db60ef86d89c67b0b81
16:13:37,251 root INFO file exist for e7b7cd65a2cb9d0f4e3a9db60ef86d89c67b0b81 parent 4f30353c160717a878021e1c3d87d20caf93cf4d
16:13:37,407 root INFO not skipped for e7bb60437e82b3f9f50223e397369532bb382df6
16:13:37,408 root INFO file exist for e7bb60437e82b3f9f50223e397369532bb382df6 parent 1ddde9fb8ee40f70d097c7f8cb4e520f4bffb77f
16:13:37,652 root INFO not skipped for e89e35c261e9f8249a50ffc68ec7c0db78578476
16:13:37,653 root INFO file exist for e89e35c261e9f8249a50ffc68ec7c0db78578476 parent 7d880a029040b261acff407fbd65901b9d3aba6b
16:13:38,356 root INFO not skipped for e8bdf51b6b1b67c325009b19164a961389b8e251
16:13:38,356 root INFO file exist for e8bdf51b6b1b67c325009b19164a961389b8e251 parent 9eecf8f163d01f54a1799e1bfa2841517f2e2b53
16:13:38,808 root INFO not skipped for ea4f9c8903161509c633b5d91bd257062110d399
16:13:38,808 root INFO file exist for ea4f9c8903161509c633b5d91bd257062110d399 parent f6af917772d70abdf28cfd9e5c7b4fed4c32365e
16:13:38,854 root INFO not skipped for edd6ecb613cef30d63d55879fef8a64442e79593
16:13:38,854 root INFO file exist for edd6ecb613cef30d63d55879fef8a64442e79593 parent 637c381ead830e189d31cd64633626137a6821d8
16:13:39,156 root INFO not skipped for ef1b7b410f51442b58bd669ba903dfcd5a986fec
16:13:39,157 root INFO file exist for ef1b7b410f51442b58bd669ba903dfcd5a986fec parent 91872dfe607d704bf011027e745638c5e9f1d1f8
16:13:39,941 root INFO not skipped for f1f10c94622eb7134e557d0c8795967d2a9af8d3
16:13:39,941 root INFO file exist for f1f10c94622eb7134e557d0c8795967d2a9af8d3 parent ed35b31cd8845f13479d78a589675af06deb8b4f
16:13:40,388 root INFO not skipped for f1fe8ce5e1883f2fbeae3e93bdbabdf8eb7511e0
16:13:40,389 root INFO file exist for f1fe8ce5e1883f2fbeae3e93bdbabdf8eb7511e0 parent eae6e96db0b469e72e61e6e0cd1ee23465c7f30d
16:13:41,266 root INFO not skipped for f22958b07f9c6f16c9ad8bcd390bae34a371bfa3
16:13:41,267 root INFO file exist for f22958b07f9c6f16c9ad8bcd390bae34a371bfa3 parent fd9ea76ddc7c932d2deae590d138ebf057cd33e4
16:13:41,363 root INFO not skipped for f4468a22c1095b5c1db1aea4e6190669f6abd7d5
16:13:41,363 root INFO file exist for f4468a22c1095b5c1db1aea4e6190669f6abd7d5 parent 55f301cbd774314bab2116a5b7b609e082386d1f
16:13:42,86 root INFO not skipped for f58fd5582a8d9fd1d85636a169bbf9bafd914860
16:13:42,86 root INFO file exist for f58fd5582a8d9fd1d85636a169bbf9bafd914860 parent 76fc9780cf15b787ea161c29af568f97116098cf
16:13:42,510 root INFO not skipped for f6af917772d70abdf28cfd9e5c7b4fed4c32365e
16:13:42,511 root INFO file exist for f6af917772d70abdf28cfd9e5c7b4fed4c32365e parent 176ff26a274feae15e9419e62b18978f3c2d7d0f
16:13:42,564 root INFO not skipped for f6b1acbdd51b007809a511e6cb23984ba7292380
16:13:42,564 root INFO file exist for f6b1acbdd51b007809a511e6cb23984ba7292380 parent 2ac5a4907e1e79eedb795750ffefc6e8cc5a9be4
16:13:43,315 root INFO not skipped for f72dc2d18446f6e2bbd38b0896ec94c990f40a9f
16:13:43,315 root INFO file exist for f72dc2d18446f6e2bbd38b0896ec94c990f40a9f parent bdea301921181455cd2bd194d343ae04512b85fd
16:13:43,440 root INFO not skipped for f7d67df4426db0a29170e3e14f2c1e84aa6008d2
16:13:43,440 root INFO file exist for f7d67df4426db0a29170e3e14f2c1e84aa6008d2 parent b42ba5ea45adddbc44e74afa2569b38a3c47c6c6
16:13:44,71 root INFO not skipped for f8b657e54ec5b73294717c127f92a59a18777b74
16:13:44,71 root INFO file exist for f8b657e54ec5b73294717c127f92a59a18777b74 parent b18abcb4963ce92e1f2c6a3576202d36e25c6da6
16:13:44,229 root INFO not skipped for f8ba7c64c463399276df557c490f186de462f3aa
16:13:44,229 root INFO file exist for f8ba7c64c463399276df557c490f186de462f3aa parent 08221e3c8043819b1957b26303b0f03fab3989bb
16:13:44,504 root INFO not skipped for f9f35e07020ba50a6d322693b1c037c5abdbbb1d
16:13:44,504 root INFO file exist for f9f35e07020ba50a6d322693b1c037c5abdbbb1d parent b5299c890df4c8fc49835da5fe8a44a7424c150c
16:13:44,633 root INFO not skipped for fb1b6cc6302db185dfbc08e39505050c25b63412
16:13:44,633 root INFO file exist for fb1b6cc6302db185dfbc08e39505050c25b63412 parent 90bbf701a5def6c18567f0b2f57849ca92762a15
16:13:45,108 root INFO not skipped for fb359c290eabe8093ad21e317a4c7d9d71d20287
16:13:45,108 root INFO file exist for fb359c290eabe8093ad21e317a4c7d9d71d20287 parent 7c427413a8a6c7cc3c5cc23f8d71ea2b16842373
16:13:45,816 root INFO not skipped for ff2aa9c038f519f0fcd49112167def7e56fad610
16:13:45,816 root INFO file exist for ff2aa9c038f519f0fcd49112167def7e56fad610 parent 7e594e390a05230e91d063eea7edf5d48f0da608
16:13:46,655 root INFO not skipped for ff947302f55220c7131d375eba30b633a1850368
16:13:46,656 root INFO file exist for ff947302f55220c7131d375eba30b633a1850368 parent 98d349504b82369cd9887ffe48eef5605ecb8463
16:13:47,175 root INFO {'02a78f5bea0189fbf9e25b383a9df18f2944f6b0': {'Total tests': 1759, 'Total Deleted': 5, 'Total Deleted %': 0.28}, '04ab35e4ab798ef548e76adbea901c7ea75b12f2': {'Total tests': 789, 'Total Deleted': 4, 'Total Deleted %': 0.51}, '05602452981517fc2ebdc02e7a0875535763606c': {'Total tests': 1533, 'Total Deleted': 1, 'Total Deleted %': 0.07}, '06904e7145fd1955f071fa8a1f3331b3ad6b2bc1': {'Total tests': 1693, 'Total Deleted': 1, 'Total Deleted %': 0.06}, '06d0d6b0fba0a0fcec3b323f5da008fa1f6bc966': {'Total tests': 2009, 'Total Deleted': 2, 'Total Deleted %': 0.1}, '07549b1283165009d1c592ce8e3e3db28996bf37': {'Total tests': 1664, 'Total Deleted': 102, 'Total Deleted %': 6.13}, '094ce26227e7f064dc7b462ce952b41f3bc8cf5e': {'Total tests': 1639, 'Total Deleted': 2, 'Total Deleted %': 0.12}, '0e4ce7b28e3077137829b6f5dd08451146b9010a': {'Total tests': 829, 'Total Deleted': 1, 'Total Deleted %': 0.12}, '0ef24090c4e1bd0660538037b8d6caa80318053a': {'Total tests': 1627, 'Total Deleted': 1, 'Total Deleted %': 0.06}, '0f13725b3d39e0e8884c297176e4b7b5b5ca6cff': {'Total tests': 1594, 'Total Deleted': 2, 'Total Deleted %': 0.13}, '0f72ff41d93635c23b759942ec7d193c59b13413': {'Total tests': 1120, 'Total Deleted': 260, 'Total Deleted %': 23.21}, '0f9a4a97c0113641af0277c8bb955afd68983e58': {'Total tests': 1168, 'Total Deleted': 1, 'Total Deleted %': 0.09}, '10304f2bdddf8c8b9180f560d323b0d3f1b73d79': {'Total tests': 515, 'Total Deleted': 1, 'Total Deleted %': 0.19}, '10e27ca3c09adb71bbe50877b484c53e938256ec': {'Total tests': 1468, 'Total Deleted': 1, 'Total Deleted %': 0.07}, '115f1086c2ee573911ce1b50f67ab86671a3a83d': {'Total tests': 764, 'Total Deleted': 17, 'Total Deleted %': 2.23}, '1218cd5c5b949ee075ff02d1aefc6b340ae74610': {'Total tests': 1122, 'Total Deleted': 5, 'Total Deleted %': 0.45}, '134dbed07e8fb20bc01e3543803ca72a065187da': {'Total tests': 1605, 'Total Deleted': 1, 'Total Deleted %': 0.06}, '13cacee11f5a398d0da5abb0f9e6b367296eda90': {'Total tests': 1696, 'Total Deleted': 29, 'Total Deleted %': 1.71}, '13d0ddad1be69bdda5f04ebe8068b3f5e9e194b7': {'Total tests': 1630, 'Total Deleted': 3, 'Total Deleted %': 0.18}, '14a8eeec764c3ab4365f416c032684aa8ac42fc3': {'Total tests': 1639, 'Total Deleted': 3, 'Total Deleted %': 0.18}, '14ec8c603243beccb580cfd12bb9d4dd4248e351': {'Total tests': 879, 'Total Deleted': 43, 'Total Deleted %': 4.89}, '1540ec6d9148fc14fc1673f4df1d33030d2ffcf7': {'Total tests': 1757, 'Total Deleted': 1, 'Total Deleted %': 0.06}, '15571a15db7e468eac1b824c692c843f665b5e79': {'Total tests': 887, 'Total Deleted': 16, 'Total Deleted %': 1.8}, '15b638082b9006c274d069d1c70ff327e1bc2c04': {'Total tests': 1287, 'Total Deleted': 1, 'Total Deleted %': 0.08}, '15d6515278453aafe3d59b8b0124c2ab8a611c55': {'Total tests': 1746, 'Total Deleted': 4, 'Total Deleted %': 0.23}, '163d7af6c28491b4e569c91661d165d8db57ebcd': {'Total tests': 1602, 'Total Deleted': 6, 'Total Deleted %': 0.37}, '1654d213962fe94ed9c86c846dd14a3254057979': {'Total tests': 736, 'Total Deleted': 1, 'Total Deleted %': 0.14}, '16a4aa3163061011b08564c5bda50db543e3f6e9': {'Total tests': 1567, 'Total Deleted': 16, 'Total Deleted %': 1.02}, '1770cdc22777414ad2e10e716d079a80e8934223': {'Total tests': 1633, 'Total Deleted': 2, 'Total Deleted %': 0.12}, '17974db7db2d0a8bc03a25c8b6fbb7c198e0678b': {'Total tests': 584, 'Total Deleted': 2, 'Total Deleted %': 0.34}, '17fcb6c9c40b3a922ef03e6b62b13a0f6c510273': {'Total tests': 587, 'Total Deleted': 1, 'Total Deleted %': 0.17}, '190a125617d5ee743115951e1d530a3f9b3825ea': {'Total tests': 539, 'Total Deleted': 1, 'Total Deleted %': 0.19}, '191f996ab8f8bc5d846b84e4715a16a6869b1ca6': {'Total tests': 1588, 'Total Deleted': 90, 'Total Deleted %': 5.67}, '19d18a65d3acef40e87fbc7dbc563b07e3ea4ce4': {'Total tests': 930, 'Total Deleted': 5, 'Total Deleted %': 0.54}, '1bdbd4883c2751a3f4900ade0fc958d626e6e0c4': {'Total tests': 1743, 'Total Deleted': 1, 'Total Deleted %': 0.06}, '1cc16f5fe8b426ca6b38f9693afa1e89ffd70835': {'Total tests': 430, 'Total Deleted': 1, 'Total Deleted %': 0.23}, '1d6c9327a0df102a7f04308dd07a3b1a226107f2': {'Total tests': 1018, 'Total Deleted': 1, 'Total Deleted %': 0.1}, '1d7f9641262b97bd38c2be9742120b937d6c2f87': {'Total tests': 1531, 'Total Deleted': 7, 'Total Deleted %': 0.46}, '1d8de6b34ea0ddb64fc94b478c0950c0d35de605': {'Total tests': 569, 'Total Deleted': 17, 'Total Deleted %': 2.99}, '1e25e87d89b92b55921eafe3805c850ade0cc224': {'Total tests': 478, 'Total Deleted': 1, 'Total Deleted %': 0.21}, '1eab9448e720a8bf88a70583b272cd3e84fc1af3': {'Total tests': 1623, 'Total Deleted': 9, 'Total Deleted %': 0.55}, '1f2aa739b4988e9932eb582b16a773061a1884ff': {'Total tests': 1652, 'Total Deleted': 2, 'Total Deleted %': 0.12}, '20fa9a83db5fdb80a071c7c92dedd3e92ea8af04': {'Total tests': 518, 'Total Deleted': 1, 'Total Deleted %': 0.19}, '213e37f2a4b1ac04c138b01de54b933a45086967': {'Total tests': 85, 'Total Deleted': 19, 'Total Deleted %': 22.35}, '21aa2efbbff7993b0b451d7e74783247c273d16c': {'Total tests': 1714, 'Total Deleted': 1, 'Total Deleted %': 0.06}, '21ef1a30124764b93045798f941139823f3c72d2': {'Total tests': 886, 'Total Deleted': 1, 'Total Deleted %': 0.11}, '226cb0f74afc46f4366797f76c2961843bd29022': {'Total tests': 1519, 'Total Deleted': 4, 'Total Deleted %': 0.26}, '23cb9f41fbe2d4b5904df04aff926cf0374620aa': {'Total tests': 1646, 'Total Deleted': 1, 'Total Deleted %': 0.06}, '25dfab0e492f27fd27d3d2a5af0905c8c3f725ce': {'Total tests': 536, 'Total Deleted': 1, 'Total Deleted %': 0.19}, '29d236b7fc7419999e19bb3e735f0a51940b0b93': {'Total tests': 816, 'Total Deleted': 53, 'Total Deleted %': 6.5}, '2ac5a4907e1e79eedb795750ffefc6e8cc5a9be4': {'Total tests': 1605, 'Total Deleted': 3, 'Total Deleted %': 0.19}, '2aef63e9cd598d2da1b80ccbc532fc12582014c3': {'Total tests': 528, 'Total Deleted': 26, 'Total Deleted %': 4.92}, '2af02643f2f0ee8acd69d7ffdb90335ef4e5031e': {'Total tests': 305, 'Total Deleted': 2, 'Total Deleted %': 0.66}, '2ba142274717238ee0862eed4aa2df3de2070218': {'Total tests': 1592, 'Total Deleted': 1, 'Total Deleted %': 0.06}, '2bf00f482d52208f5fd3c3e83b8d72c62b2bcb4e': {'Total tests': 1712, 'Total Deleted': 6, 'Total Deleted %': 0.35}, '2c0a641b2cbd82c34e950ceb4b435d55928bf53c': {'Total tests': 1729, 'Total Deleted': 1, 'Total Deleted %': 0.06}, '2c563436e41067fa253f824ca0e768500dc29d34': {'Total tests': 1748, 'Total Deleted': 1, 'Total Deleted %': 0.06}, '2ce116ace78a4d718415b33942f5fed0b0111105': {'Total tests': 671, 'Total Deleted': 1, 'Total Deleted %': 0.15}, '2eb9de0c30f6c436ecea393c52272193554c003a': {'Total tests': 856, 'Total Deleted': 7, 'Total Deleted %': 0.82}, '2ec77ad02fde8ceb56eed684b3ba34b7510ea9f8': {'Total tests': 1898, 'Total Deleted': 10, 'Total Deleted %': 0.53}, '2f3f0d69609c5a27c07b56e2220801c6700ac40e': {'Total tests': 2061, 'Total Deleted': 1, 'Total Deleted %': 0.05}, '2fad9bf507d5c0c4a022ce742b63b727471a4dc3': {'Total tests': 1532, 'Total Deleted': 1, 'Total Deleted %': 0.07}, '302e38ba8d1ab76a5235ac8c0a4c6dd2b9f6b75d': {'Total tests': 863, 'Total Deleted': 1, 'Total Deleted %': 0.12}, '3191ef360dad948ffeb7b65c9c0d45dfa3bcc40c': {'Total tests': 1622, 'Total Deleted': 40, 'Total Deleted %': 2.47}, '32a76bd602fcdb947bbca3465403c6ee7430ec89': {'Total tests': 2063, 'Total Deleted': 8, 'Total Deleted %': 0.39}, '3338b4446410d6b9be6195ee994c1f99f76e874c': {'Total tests': 892, 'Total Deleted': 4, 'Total Deleted %': 0.45}, '3352454242f8a1abba5e6d2b49ce861b8abdb8c8': {'Total tests': 923, 'Total Deleted': 17, 'Total Deleted %': 1.84}, '3393507082938c28f62d1e08cc2e39092ff277df': {'Total tests': 935, 'Total Deleted': 1, 'Total Deleted %': 0.11}, '344d02600c4e8551ec9b07c88eef10946aa9d07d': {'Total tests': 1749, 'Total Deleted': 1, 'Total Deleted %': 0.06}, '3458c02649dd4303a8d2e25ce94dabdcefb986eb': {'Total tests': 1645, 'Total Deleted': 5, 'Total Deleted %': 0.3}, '34e6e8bf08d117e8c8924842b932290c8862b633': {'Total tests': 1644, 'Total Deleted': 5, 'Total Deleted %': 0.3}, '387555b4a1e3f440a04d878d9fe1fc5a5bd64c70': {'Total tests': 1641, 'Total Deleted': 1, 'Total Deleted %': 0.06}, '394b8665249d7c2f7f372ec754e97483d3860199': {'Total tests': 1748, 'Total Deleted': 2, 'Total Deleted %': 0.11}, '3ba63285ac7d4a4a4a2ddd610df44551a798d1df': {'Total tests': 2076, 'Total Deleted': 3, 'Total Deleted %': 0.14}, '3becab3dd52be84a1a4bd7b3fb5497f5aef11a10': {'Total tests': 824, 'Total Deleted': 1, 'Total Deleted %': 0.12}, '3c5c177d952258fbb7a7776e91470078169158ce': {'Total tests': 1129, 'Total Deleted': 4, 'Total Deleted %': 0.35}, '3ce242c179865d2457c5f3c72fc5a13f755abdaa': {'Total tests': 1006, 'Total Deleted': 1, 'Total Deleted %': 0.1}, '3df4506365c0bce73d45bc426e3d8c75f3590aa4': {'Total tests': 1747, 'Total Deleted': 1, 'Total Deleted %': 0.06}, '3eed1164b48da0802d15834f69502ba50ff4a14d': {'Total tests': 1941, 'Total Deleted': 1, 'Total Deleted %': 0.05}, '3f6a4d670554ebbd6b9232cf5625f31b47cfff8c': {'Total tests': 347, 'Total Deleted': 1, 'Total Deleted %': 0.29}, '3f9d3deefdb6759c19eefb06cf3c378288ac4bea': {'Total tests': 552, 'Total Deleted': 1, 'Total Deleted %': 0.18}, '400ca5dca5a52bdc93de17b0e06290f640914bd9': {'Total tests': 1735, 'Total Deleted': 1, 'Total Deleted %': 0.06}, '4107534e5c32869e6edc5437ee9c3b02a062e4f5': {'Total tests': 459, 'Total Deleted': 1, 'Total Deleted %': 0.22}, '4400ba86f164e835ca501106a0c37fbf7487421c': {'Total tests': 575, 'Total Deleted': 1, 'Total Deleted %': 0.17}, '44c9140f6c166ab813158af17ea7248498160a65': {'Total tests': 1529, 'Total Deleted': 1, 'Total Deleted %': 0.07}, '47b29dfaa7a5f7054145dd5a886ce1b8f5e78d04': {'Total tests': 1116, 'Total Deleted': 5, 'Total Deleted %': 0.45}, '482e804fd8a28387ae3214dd52167119b1d985c6': {'Total tests': 900, 'Total Deleted': 2, 'Total Deleted %': 0.22}, '48e4efea4b2d0a98b2f0c8732a89f122bb0649b4': {'Total tests': 1131, 'Total Deleted': 4, 'Total Deleted %': 0.35}, '4a25c7423f4fa74568b502adfe7a46c194cb8199': {'Total tests': 613, 'Total Deleted': 3, 'Total Deleted %': 0.49}, '4b4e6a247d1fd0ec108d509a02a2522de4434e49': {'Total tests': 1616, 'Total Deleted': 1, 'Total Deleted %': 0.06}, '4ba1eaa47a77e00538dac0f67109527464384409': {'Total tests': 1477, 'Total Deleted': 4, 'Total Deleted %': 0.27}, '4d5cddcc481adb48f953c268605352e0091641ed': {'Total tests': 539, 'Total Deleted': 1, 'Total Deleted %': 0.19}, '4e45de9075eeb015245ff09f8f8c58cf0f98bbf3': {'Total tests': 914, 'Total Deleted': 26, 'Total Deleted %': 2.84}, '4ef725764a163c1ec615e82343e83c059241abc7': {'Total tests': 1538, 'Total Deleted': 5, 'Total Deleted %': 0.33}, '4f30353c160717a878021e1c3d87d20caf93cf4d': {'Total tests': 541, 'Total Deleted': 2, 'Total Deleted %': 0.37}, '50725a95fc222723cc4efa89c19cbe4b574a9f52': {'Total tests': 1746, 'Total Deleted': 1, 'Total Deleted %': 0.06}, '5147d5cf5d6683150d4fce2d3502ddedc72a4411': {'Total tests': 464, 'Total Deleted': 2, 'Total Deleted %': 0.43}, '52ed41c027e14041ca216a7bd668f65fcb72c725': {'Total tests': 1697, 'Total Deleted': 1, 'Total Deleted %': 0.06}, '538c94e77f9158ca084b2f4e8acd2b9c3837f151': {'Total tests': 468, 'Total Deleted': 3, 'Total Deleted %': 0.64}, '5485794da51bfbe2f4ed039ade630eb4b4a26f90': {'Total tests': 1989, 'Total Deleted': 2, 'Total Deleted %': 0.1}, '551ab453fdf7a96f91f45cb71a209e98c26691fb': {'Total tests': 1767, 'Total Deleted': 4, 'Total Deleted %': 0.23}, '56279206140494dbfd7039467a94ecf1b9bfd982': {'Total tests': 210, 'Total Deleted': 1, 'Total Deleted %': 0.48}, '567948e2c3bf88d1a57852869c28f1f6765957c8': {'Total tests': 906, 'Total Deleted': 31, 'Total Deleted %': 3.42}, '58b243e8302d219dd8a53c090757247f5aeb16e9': {'Total tests': 855, 'Total Deleted': 1, 'Total Deleted %': 0.12}, '591cfc0a51febd8aa9869277f5c16914798c97e1': {'Total tests': 1617, 'Total Deleted': 1, 'Total Deleted %': 0.06}, '592557e948ce4876892d9fc1c848894be7f1a7a1': {'Total tests': 1553, 'Total Deleted': 3, 'Total Deleted %': 0.19}, '5a96c714d5e981423a4caf89b85d69cc7bf8109b': {'Total tests': 1520, 'Total Deleted': 1, 'Total Deleted %': 0.07}, '5c047b0e3e55999ea9aab0b4317cc1c976a93d60': {'Total tests': 1531, 'Total Deleted': 1, 'Total Deleted %': 0.07}, '5c461b738d128f8e85fd6490df9f28ff6290181a': {'Total tests': 1041, 'Total Deleted': 2, 'Total Deleted %': 0.19}, '5c8d324230957c08f25833fa187fc02b4867f99b': {'Total tests': 1134, 'Total Deleted': 1, 'Total Deleted %': 0.09}, '5e7b2c5721b356c3371342dfbc49d7a0b6ee57f4': {'Total tests': 1638, 'Total Deleted': 5, 'Total Deleted %': 0.31}, '5f9f241263f4f601d7cb7dff6e1bbc8ce1011f5e': {'Total tests': 522, 'Total Deleted': 4, 'Total Deleted %': 0.77}, '60d028a28212be292d670253b5027824a197805b': {'Total tests': 1746, 'Total Deleted': 1, 'Total Deleted %': 0.06}, '61070bc9cf24651888d1534f020ca9868b7f8fee': {'Total tests': 852, 'Total Deleted': 1, 'Total Deleted %': 0.12}, '63ea1906afacc108871bb42c8e98d1e684df58c8': {'Total tests': 1134, 'Total Deleted': 13, 'Total Deleted %': 1.15}, '648f87f362021d4c722a72bba4e17f0b9c16e801': {'Total tests': 467, 'Total Deleted': 11, 'Total Deleted %': 2.36}, '65a5d3f835f738fabcc424f1b6f3ee45f2a3cf54': {'Total tests': 1382, 'Total Deleted': 1, 'Total Deleted %': 0.07}, '66ecdf3cbe8def752424cb74d67affe11a8392f8': {'Total tests': 551, 'Total Deleted': 1, 'Total Deleted %': 0.18}, '6735b61c8f4b6acd407a4e846c1b8ae9972fea90': {'Total tests': 1650, 'Total Deleted': 2, 'Total Deleted %': 0.12}, '6a96a5ba113e9a31c338bef1133ab4a21b875094': {'Total tests': 93, 'Total Deleted': 1, 'Total Deleted %': 1.08}, '6b0352cdf5591e2cb97176f194fde6035850dfb5': {'Total tests': 341, 'Total Deleted': 20, 'Total Deleted %': 5.87}, '6b23b1349780a26976b8ce0199c40db0c57fadd4': {'Total tests': 1815, 'Total Deleted': 1, 'Total Deleted %': 0.06}, '6d0ebbf63d6be28efedbb0c3e4d6b8aee6b89be5': {'Total tests': 1245, 'Total Deleted': 12, 'Total Deleted %': 0.96}, '7000df9009d4f79ab1d29d4f5360ace9c4ca89df': {'Total tests': 419, 'Total Deleted': 1, 'Total Deleted %': 0.24}, '70079f0842ed16d92ccaf6234104da5c6c791590': {'Total tests': 1605, 'Total Deleted': 3, 'Total Deleted %': 0.19}, '70762365b3b7b48dff118c26def73c1a051547d0': {'Total tests': 795, 'Total Deleted': 1, 'Total Deleted %': 0.13}, '71b693ba2da4a5654edb6d05bb69ed25608ced8a': {'Total tests': 891, 'Total Deleted': 1, 'Total Deleted %': 0.11}, '71df067a0dbd27ef78e4c82ca7cc58fd138f65c3': {'Total tests': 1008, 'Total Deleted': 1, 'Total Deleted %': 0.1}, '739dccfcca05778793fc7d613b660e86fb3b7b99': {'Total tests': 1183, 'Total Deleted': 2, 'Total Deleted %': 0.17}, '73b9f6efe33651347441d0f52ec919335b4a37a0': {'Total tests': 64, 'Total Deleted': 1, 'Total Deleted %': 1.56}, '74aa0f63637675d5bea652f72910eb599d090eba': {'Total tests': 129, 'Total Deleted': 1, 'Total Deleted %': 0.78}, '74ec9cedf61c4a9f9bd4497bb7ce2b769230bbf5': {'Total tests': 461, 'Total Deleted': 1, 'Total Deleted %': 0.22}, '754b8f8e2e70729d138213d1476dc355aecf038b': {'Total tests': 515, 'Total Deleted': 1, 'Total Deleted %': 0.19}, '758a131454217900f2b7e45b361ca0173fcaf89b': {'Total tests': 1112, 'Total Deleted': 2, 'Total Deleted %': 0.18}, '76b9b393689d4d5a2e3ecce2fc78ffca524e8f0d': {'Total tests': 1259, 'Total Deleted': 1, 'Total Deleted %': 0.08}, '77664d9d7f1d4bca02bf7bb58eb6de9a14338fe7': {'Total tests': 1623, 'Total Deleted': 6, 'Total Deleted %': 0.37}, '7930f04bc420ccfd9b315cef6e75d3c224dc65ec': {'Total tests': 706, 'Total Deleted': 4, 'Total Deleted %': 0.57}, '79def1b51d8bee8c6d75df44270b06264090bf72': {'Total tests': 1601, 'Total Deleted': 10, 'Total Deleted %': 0.62}, '7a456e5b935242acaf16619b4ae8e9a12e4e52f6': {'Total tests': 1636, 'Total Deleted': 2, 'Total Deleted %': 0.12}, '7af8ff452796f324df9f67fe023d1d2092889b80': {'Total tests': 1637, 'Total Deleted': 1, 'Total Deleted %': 0.06}, '7c1c5d54e7e89bc8368b783d6d064ae46fb2b5b6': {'Total tests': 1490, 'Total Deleted': 1, 'Total Deleted %': 0.07}, '7c6f11dd076225fc7acf90cb327e27da85f7c4d0': {'Total tests': 847, 'Total Deleted': 1, 'Total Deleted %': 0.12}, '7d9cd70e5531206dde733480900fdf56386a4a29': {'Total tests': 1119, 'Total Deleted': 10, 'Total Deleted %': 0.89}, '7e198b29d84b2de26598c639f9d49eeb216df681': {'Total tests': 89, 'Total Deleted': 6, 'Total Deleted %': 6.74}, '7e594e390a05230e91d063eea7edf5d48f0da608': {'Total tests': 1746, 'Total Deleted': 1, 'Total Deleted %': 0.06}, '7ed2b6610ae8bb7aca8200922d74ac731815227c': {'Total tests': 1678, 'Total Deleted': 1, 'Total Deleted %': 0.06}, '8117ae92b9659b06d4f080d29021f4ffddc85a1b': {'Total tests': 707, 'Total Deleted': 1, 'Total Deleted %': 0.14}, '81bdfe16c685720672a6f7c54c526f2e112dd090': {'Total tests': 903, 'Total Deleted': 1, 'Total Deleted %': 0.11}, '822a98e0456cf4bdb3e6768e05d3a46e835fee99': {'Total tests': 1560, 'Total Deleted': 22, 'Total Deleted %': 1.41}, '83d81b076b32acdf3f82077c7f4c2a2e160aa32f': {'Total tests': 442, 'Total Deleted': 1, 'Total Deleted %': 0.23}, '83dc8d6272f3fa673d44289e71e52a5a9db9eeac': {'Total tests': 1113, 'Total Deleted': 10, 'Total Deleted %': 0.9}, '8474131f5bd11c3851de4ea40e3041b60c8fe22c': {'Total tests': 1202, 'Total Deleted': 1, 'Total Deleted %': 0.08}, '853942d62363b6b999c402066abd71ff8f259448': {'Total tests': 1653, 'Total Deleted': 6, 'Total Deleted %': 0.36}, '85912c0c33cca3501b4746f162f7ebb61f1fe952': {'Total tests': 314, 'Total Deleted': 4, 'Total Deleted %': 1.27}, '8665d850e7fe7cc630ed69ac5bb1d99a17bc8449': {'Total tests': 341, 'Total Deleted': 1, 'Total Deleted %': 0.29}, '86c41378b6f3670cd91cbf4fd10174cd167bb5bb': {'Total tests': 211, 'Total Deleted': 1, 'Total Deleted %': 0.47}, '86ea3a0fb7dba43965e906a702aceaaa53e24d50': {'Total tests': 1603, 'Total Deleted': 1, 'Total Deleted %': 0.06}, '871fcc3cedd77943c721ac26935ec62219f8f988': {'Total tests': 1665, 'Total Deleted': 1, 'Total Deleted %': 0.06}, '886974a2f11e24d4bc9ace91d2bb41c8c5c242a2': {'Total tests': 767, 'Total Deleted': 4, 'Total Deleted %': 0.52}, '88c7901e97d7dd3e1ce218defdcfd018158bb8aa': {'Total tests': 533, 'Total Deleted': 1, 'Total Deleted %': 0.19}, '891c0ad1b9b88dd966f5761c178854bf81f2e31b': {'Total tests': 577, 'Total Deleted': 1, 'Total Deleted %': 0.17}, '89fcd45f75f79f5f223e4f572ef332f75869dcef': {'Total tests': 949, 'Total Deleted': 114, 'Total Deleted %': 12.01}, '8a588f565f98fb914c9b3a29fd1f43a9f6d1fe70': {'Total tests': 1569, 'Total Deleted': 1, 'Total Deleted %': 0.06}, '8b37ccfafe220e3978c77056eca7125d1ed06a1d': {'Total tests': 1532, 'Total Deleted': 22, 'Total Deleted %': 1.44}, '8b51e7b5cd9578de40d133e4ea7e2a7d2c70cc72': {'Total tests': 310, 'Total Deleted': 6, 'Total Deleted %': 1.94}, '8c824412656774a46ade0e9b69c3d8c33165f5e0': {'Total tests': 1712, 'Total Deleted': 1, 'Total Deleted %': 0.06}, '8cd9aa0c059d3fecc7c609d850e5d0b87a07b9a2': {'Total tests': 532, 'Total Deleted': 4, 'Total Deleted %': 0.75}, '8e61889ba0778848f796784d43cf454b7d51d0ae': {'Total tests': 443, 'Total Deleted': 1, 'Total Deleted %': 0.23}, '8f2054f4a4dececcbc2363f94ff2a43a281eafbd': {'Total tests': 1618, 'Total Deleted': 1, 'Total Deleted %': 0.06}, '8f38c0cbcaeaddde7e7fba6dbd7132dcfa2dc700': {'Total tests': 893, 'Total Deleted': 1, 'Total Deleted %': 0.11}, '8fa70b58aa054bd6e973398b0c85dd45a2cb4193': {'Total tests': 239, 'Total Deleted': 1, 'Total Deleted %': 0.42}, '8fcd62ceec7cf59e494eb4bafc8139d73aacdd95': {'Total tests': 464, 'Total Deleted': 2, 'Total Deleted %': 0.43}, '8fcf5cf2fd074d85d369cf640ad8ca5837b0d261': {'Total tests': 420, 'Total Deleted': 1, 'Total Deleted %': 0.24}, '90c123621a03a8d017845ca94319969618c53c69': {'Total tests': 1568, 'Total Deleted': 3, 'Total Deleted %': 0.19}, '937eb90a705bf7a2e009c4a61ef229e2709e98fa': {'Total tests': 1969, 'Total Deleted': 5, 'Total Deleted %': 0.25}, '942493051eb3deb429b7c4a755807b5a366f2bdf': {'Total tests': 1724, 'Total Deleted': 11, 'Total Deleted %': 0.64}, '97a7fba7620da59969b19e329b01c603d52a0bc4': {'Total tests': 1530, 'Total Deleted': 2, 'Total Deleted %': 0.13}, '97ac55669e83e0c196eccbcf34453c544f172087': {'Total tests': 691, 'Total Deleted': 1, 'Total Deleted %': 0.14}, '97ff599330e71649e5d3573b033e23030a123a8e': {'Total tests': 455, 'Total Deleted': 6, 'Total Deleted %': 1.32}, '991b4757cff70c925e87e90b091ffdbc11dff9ae': {'Total tests': 708, 'Total Deleted': 1, 'Total Deleted %': 0.14}, '99700d7526a57ece50f779ffc6f9ae75f8e37288': {'Total tests': 1649, 'Total Deleted': 15, 'Total Deleted %': 0.91}, '99cc1afd1b81fafb61c8bdbe7dadb0bfb984cb13': {'Total tests': 1629, 'Total Deleted': 6, 'Total Deleted %': 0.37}, '99ee5bdee010f1f07227f6a0b5ec00218166b784': {'Total tests': 1604, 'Total Deleted': 1, 'Total Deleted %': 0.06}, '9aa14a07c82fe0f7cd442ffdee60499b93ad8b47': {'Total tests': 902, 'Total Deleted': 9, 'Total Deleted %': 1.0}, '9af5268605a469498d6beee3767da9cc738278e3': {'Total tests': 1712, 'Total Deleted': 3, 'Total Deleted %': 0.18}, '9c4c0679421c63412188f3f1c86f0bcd497be90e': {'Total tests': 1476, 'Total Deleted': 1, 'Total Deleted %': 0.07}, '9c54cc3a547397baaf99a327384eb3643938c5ef': {'Total tests': 1593, 'Total Deleted': 2, 'Total Deleted %': 0.13}, '9ca01cdb69025cbbca32cb512d39c698ed82d4fe': {'Total tests': 1551, 'Total Deleted': 1, 'Total Deleted %': 0.06}, '9cdb3ba27d8d249fbbd935932d13d4339db6f96b': {'Total tests': 1552, 'Total Deleted': 4, 'Total Deleted %': 0.26}, '9d28ec81f9818e8e84045538ad4cadffeeb4ef8d': {'Total tests': 786, 'Total Deleted': 3, 'Total Deleted %': 0.38}, '9dca569cc4efd99bca4165f1d6beb16df5467f05': {'Total tests': 1729, 'Total Deleted': 1, 'Total Deleted %': 0.06}, '9e481330c755e1e4b64e6024e922bcf4f100d92f': {'Total tests': 709, 'Total Deleted': 6, 'Total Deleted %': 0.85}, '9e71af05bc4bc49426aa28e9fc9709e3ae4fa067': {'Total tests': 210, 'Total Deleted': 1, 'Total Deleted %': 0.48}, '9f163ed9a15bbe9b73d02d165deeb5448948eca8': {'Total tests': 1639, 'Total Deleted': 1, 'Total Deleted %': 0.06}, '9f85ecdd79aff0a484f0668338574b07cc4d933d': {'Total tests': 115, 'Total Deleted': 3, 'Total Deleted %': 2.61}, '9fb0af8b0f097aa6379fc337eb8876b2db3d260c': {'Total tests': 889, 'Total Deleted': 3, 'Total Deleted %': 0.34}, '9fc15f0b915267404df6a8e25d0977f96130d9e3': {'Total tests': 1747, 'Total Deleted': 1, 'Total Deleted %': 0.06}, 'a09cc0578178fdb517d073a37536f0b5d71e0b08': {'Total tests': 1569, 'Total Deleted': 1, 'Total Deleted %': 0.06}, 'a16aed50ebd709818e3a04324e3df62b833b7485': {'Total tests': 1532, 'Total Deleted': 4, 'Total Deleted %': 0.26}, 'a259222c4687427a69b1424334a88930099437c1': {'Total tests': 540, 'Total Deleted': 1, 'Total Deleted %': 0.19}, 'a29cc7ae89a2716ba52f7d1d43a751c63027ac91': {'Total tests': 938, 'Total Deleted': 1, 'Total Deleted %': 0.11}, 'a41858f2f83d7c241cdcc894185adcc62828e1fb': {'Total tests': 468, 'Total Deleted': 1, 'Total Deleted %': 0.21}, 'a47ab2d911fa6d51a70b216ecc9f517c22261597': {'Total tests': 508, 'Total Deleted': 29, 'Total Deleted %': 5.71}, 'a4f325bddb10dfc5a6143d0c3d50514c74342a5f': {'Total tests': 514, 'Total Deleted': 4, 'Total Deleted %': 0.78}, 'a5d9de59f8b966b0c1599432b0252984c4e597a0': {'Total tests': 1920, 'Total Deleted': 16, 'Total Deleted %': 0.83}, 'a66133e05385d45fd42c13d80f7c71406f9e2244': {'Total tests': 990, 'Total Deleted': 20, 'Total Deleted %': 2.02}, 'a6df4604393f2fcb573cffc8c3840dbe79ff1c5d': {'Total tests': 49, 'Total Deleted': 3, 'Total Deleted %': 6.12}, 'a792e5ef2525ec6e9e6b18f0caebc1e9c9841b81': {'Total tests': 1526, 'Total Deleted': 2, 'Total Deleted %': 0.13}, 'a7e0bc028c89fe4a53fb0764133fc8a834a40f16': {'Total tests': 467, 'Total Deleted': 2, 'Total Deleted %': 0.43}, 'a850f6275ceff130d913b1a4c7e0c9372c57356d': {'Total tests': 825, 'Total Deleted': 12, 'Total Deleted %': 1.45}, 'ab2f5a6a4f44e47628b805bb9b6e2c8981b07bca': {'Total tests': 890, 'Total Deleted': 4, 'Total Deleted %': 0.45}, 'acc1d1391540fe25bd02df321163fbabb89c90ae': {'Total tests': 592, 'Total Deleted': 1, 'Total Deleted %': 0.17}, 'ae375aa8a1e6e4fd85c58c331161826738f4394f': {'Total tests': 957, 'Total Deleted': 20, 'Total Deleted %': 2.09}, 'aedd2ce49376042e3dbdcb1d9147754214ff4697': {'Total tests': 1748, 'Total Deleted': 1, 'Total Deleted %': 0.06}, 'af7ccce2361fb14da1ec630c08bb701202cda865': {'Total tests': 1495, 'Total Deleted': 2, 'Total Deleted %': 0.13}, 'b03e2336477b614e9bd9f6aedbca6f8a1b100453': {'Total tests': 1593, 'Total Deleted': 7, 'Total Deleted %': 0.44}, 'b17e43333b574d109f8487a35b07f311cbfe9a2e': {'Total tests': 156, 'Total Deleted': 1, 'Total Deleted %': 0.64}, 'b18abcb4963ce92e1f2c6a3576202d36e25c6da6': {'Total tests': 539, 'Total Deleted': 1, 'Total Deleted %': 0.19}, 'b1bd41ebceea5a25badf281a2a8968520527f6b6': {'Total tests': 523, 'Total Deleted': 1, 'Total Deleted %': 0.19}, 'b2b85e51bdba99f277fe8dc9ef8170020f6931a6': {'Total tests': 1663, 'Total Deleted': 9, 'Total Deleted %': 0.54}, 'b3a5fce797696ff969ed5e8da67cc05625e16ed1': {'Total tests': 591, 'Total Deleted': 2, 'Total Deleted %': 0.34}, 'b4e8751acb60086d48f120178fba618880930599': {'Total tests': 786, 'Total Deleted': 1, 'Total Deleted %': 0.13}, 'b5104768dfc5e762e3bcc4578d5aac91f98cf384': {'Total tests': 1605, 'Total Deleted': 1, 'Total Deleted %': 0.06}, 'b5b0b6cb562b4704e819ed8989a836e060fd1b1b': {'Total tests': 511, 'Total Deleted': 1, 'Total Deleted %': 0.2}, 'b5b0bcb9214e79bdaab4ba93f33cc71b7a0e30a8': {'Total tests': 1646, 'Total Deleted': 2, 'Total Deleted %': 0.12}, 'b60b81a56d1ce90067bbcf07781ae608aace7110': {'Total tests': 460, 'Total Deleted': 1, 'Total Deleted %': 0.22}, 'b6ac0aadee31944fa1bec0f9c2aa7eab2f1e38c9': {'Total tests': 1588, 'Total Deleted': 14, 'Total Deleted %': 0.88}, 'b719788981f3355e23d67e46952bfdae07e40430': {'Total tests': 244, 'Total Deleted': 2, 'Total Deleted %': 0.82}, 'b78af8b42c02943a0d3353f721f77c25d3dce23a': {'Total tests': 1460, 'Total Deleted': 1, 'Total Deleted %': 0.07}, 'b7bf878e43a8cb8b3fca17852e8c94aeb7dff653': {'Total tests': 508, 'Total Deleted': 1, 'Total Deleted %': 0.2}, 'b7e317fb220cf3f39296f90766ee9e1ddf00d634': {'Total tests': 1582, 'Total Deleted': 14, 'Total Deleted %': 0.88}, 'b8b433f625c62d483588ece1de062eef19b27adf': {'Total tests': 503, 'Total Deleted': 1, 'Total Deleted %': 0.2}, 'b950929b7cd224c32eef1b2d3afc32d4c6b53ab4': {'Total tests': 1002, 'Total Deleted': 1, 'Total Deleted %': 0.1}, 'bc19d2cc406ab626f75a1150baeaab07f0b909fd': {'Total tests': 1588, 'Total Deleted': 4, 'Total Deleted %': 0.25}, 'bc394dcf67221ea230c049cce9a420d56bbd9f74': {'Total tests': 1521, 'Total Deleted': 3, 'Total Deleted %': 0.2}, 'bdaacb65c3379942ea278219e41707936e766206': {'Total tests': 555, 'Total Deleted': 1, 'Total Deleted %': 0.18}, 'be98a689f74e882198adf305ee75fa17a5b67798': {'Total tests': 1656, 'Total Deleted': 7, 'Total Deleted %': 0.42}, 'bec9a1b8a38ee3377c0be162ea65ef5cbc77cc1b': {'Total tests': 838, 'Total Deleted': 15, 'Total Deleted %': 1.79}, 'bf3d3083eba32c43c836dd2920fe29a43d654ab4': {'Total tests': 1726, 'Total Deleted': 45, 'Total Deleted %': 2.61}, 'bf91e70c9f8107edaf132bab5b2ce70087da7bfd': {'Total tests': 1647, 'Total Deleted': 1, 'Total Deleted %': 0.06}, 'bfa41bb6cd708b5670f112312e68fb073a4ea18c': {'Total tests': 851, 'Total Deleted': 1, 'Total Deleted %': 0.12}, 'c034f3536adbded3827febd175099fdaf4ed5a06': {'Total tests': 320, 'Total Deleted': 2, 'Total Deleted %': 0.62}, 'c0ef77890e9388db6da6e8036ad2fb34084b709e': {'Total tests': 540, 'Total Deleted': 1, 'Total Deleted %': 0.19}, 'c2172cc58845f8984619a1d83073fb9443ab1aa9': {'Total tests': 1533, 'Total Deleted': 1, 'Total Deleted %': 0.07}, 'c29f2a44e61e259a6103ef5ed874d3cf02c24d74': {'Total tests': 1311, 'Total Deleted': 1, 'Total Deleted %': 0.08}, 'c4d09ab9beb6320ed5de19f7c716bb9586751e51': {'Total tests': 455, 'Total Deleted': 2, 'Total Deleted %': 0.44}, 'c543cef8b16fb80a74dfe1a42c18546001b7a781': {'Total tests': 1133, 'Total Deleted': 1, 'Total Deleted %': 0.09}, 'c5a4264e5889602edad8a326aba1cf9a2d012cf8': {'Total tests': 537, 'Total Deleted': 1, 'Total Deleted %': 0.19}, 'c608b10430729f8745dd5688b3148e7cd045bfa6': {'Total tests': 81, 'Total Deleted': 2, 'Total Deleted %': 2.47}, 'c66b3e8fa9f875cb63c25a12e88ae88b898e10a7': {'Total tests': 1641, 'Total Deleted': 1, 'Total Deleted %': 0.06}, 'c74b43baf22b17fc3f248d665ad85bf5f8c6045b': {'Total tests': 905, 'Total Deleted': 1, 'Total Deleted %': 0.11}, 'cc44bac3c3b8e0e680f8dd6c9da2898c2e39b7d9': {'Total tests': 1515, 'Total Deleted': 1, 'Total Deleted %': 0.07}, 'cd089a159fce7afcfae89b96f76544c4c15d4adc': {'Total tests': 768, 'Total Deleted': 2, 'Total Deleted %': 0.26}, 'cd2eb5dcf18734139323301a55fa051548ab24cb': {'Total tests': 1112, 'Total Deleted': 2, 'Total Deleted %': 0.18}, 'cda02a2754da66653bea6ea569f7739f2e954747': {'Total tests': 1696, 'Total Deleted': 6, 'Total Deleted %': 0.35}, 'cdfb78be31b7f45426ee67e8295c1ba0dae306b7': {'Total tests': 346, 'Total Deleted': 4, 'Total Deleted %': 1.16}, 'd038fed36eaa2584bef03fc1d7ad3ca9f6235b66': {'Total tests': 872, 'Total Deleted': 5, 'Total Deleted %': 0.57}, 'd1e9e44fda275d856140e99118af57b9b3e372ef': {'Total tests': 862, 'Total Deleted': 1, 'Total Deleted %': 0.12}, 'd2e32f7d3c977884d249c88ff190aa2f8babcd92': {'Total tests': 592, 'Total Deleted': 3, 'Total Deleted %': 0.51}, 'd2e8f058e54caa887f5d00d13a41d66f2fa4e445': {'Total tests': 535, 'Total Deleted': 16, 'Total Deleted %': 2.99}, 'd312bc8a21db5286486c9511fa34cefe2b62608d': {'Total tests': 887, 'Total Deleted': 2, 'Total Deleted %': 0.23}, 'd3f923f863f769b2ca72fb691c052d4f7db13899': {'Total tests': 796, 'Total Deleted': 2, 'Total Deleted %': 0.25}, 'd624ee99f0b1acb5992b5ac720d8006475644b49': {'Total tests': 1750, 'Total Deleted': 1, 'Total Deleted %': 0.06}, 'd650c87d8d4a60d4ad6fe2a514524d952a50bd94': {'Total tests': 1713, 'Total Deleted': 6, 'Total Deleted %': 0.35}, 'd9cae7a357742084be8d5ddb2f3f599cc89f0786': {'Total tests': 463, 'Total Deleted': 3, 'Total Deleted %': 0.65}, 'da32c859982da7ec57ae3fc8b34a52c22006d20d': {'Total tests': 786, 'Total Deleted': 1, 'Total Deleted %': 0.13}, 'da371182aadaec625274f651e2a28ee6a71ff161': {'Total tests': 1744, 'Total Deleted': 3, 'Total Deleted %': 0.17}, 'da764abb1ee6019ba4aef1572ef4bdd8022de3b0': {'Total tests': 1744, 'Total Deleted': 1, 'Total Deleted %': 0.06}, 'dafe49f84ab9f76839c14a2ee9b904a4a309fb1b': {'Total tests': 1641, 'Total Deleted': 1, 'Total Deleted %': 0.06}, 'db05bcb8a7333145860ad6bd6894fc74a7801c3e': {'Total tests': 1003, 'Total Deleted': 1, 'Total Deleted %': 0.1}, 'dc56dd0676bbf8c68310c287f953ae4a5917e0bd': {'Total tests': 1568, 'Total Deleted': 15, 'Total Deleted %': 0.96}, 'dc7e0236443004c7c945693749e43625aa9b2528': {'Total tests': 1490, 'Total Deleted': 1, 'Total Deleted %': 0.07}, 'dd5afcfc905a115fb64df4ca486ccef14fb7193c': {'Total tests': 1550, 'Total Deleted': 2, 'Total Deleted %': 0.13}, 'de3a006d0a7e57eccba56e32b88f2b3fa9225047': {'Total tests': 540, 'Total Deleted': 1, 'Total Deleted %': 0.19}, 'de709946757119a428e240bfeaab422c138b7d18': {'Total tests': 704, 'Total Deleted': 2, 'Total Deleted %': 0.28}, 'df4ed6097155e9495c30747cfbd53579a8be10fc': {'Total tests': 1619, 'Total Deleted': 2, 'Total Deleted %': 0.12}, 'dfe5710aee2ec6545e7a471079ef6b4ce3d1adfa': {'Total tests': 1538, 'Total Deleted': 2, 'Total Deleted %': 0.13}, 'dfe94cf86887a0620560392c918be672d64d709f': {'Total tests': 159, 'Total Deleted': 6, 'Total Deleted %': 3.77}, 'e00b208497f882c4570ae9676d814ba297aeeb95': {'Total tests': 1639, 'Total Deleted': 98, 'Total Deleted %': 5.98}, 'e0de46652b00bc95378e8fbb3ff8913edb1673e6': {'Total tests': 1707, 'Total Deleted': 7, 'Total Deleted %': 0.41}, 'e2f2a702a7c3342aa88fd447ea480814128c7697': {'Total tests': 823, 'Total Deleted': 37, 'Total Deleted %': 4.5}, 'e339b25ef0ff5a30413e878dc38cc09d3565f535': {'Total tests': 361, 'Total Deleted': 1, 'Total Deleted %': 0.28}, 'e37288fc16edb7964b3d479ac1d058ab21f02c33': {'Total tests': 538, 'Total Deleted': 4, 'Total Deleted %': 0.74}, 'e576531a2c4060bac190fb99e2f586aaad806d3b': {'Total tests': 526, 'Total Deleted': 2, 'Total Deleted %': 0.38}, 'e5bf0b3f82407e1589a4952e3b7fe2a93d583345': {'Total tests': 1548, 'Total Deleted': 3, 'Total Deleted %': 0.19}, 'e6f5b4c5f32841f17670b7ec157d33aa89451f1f': {'Total tests': 1696, 'Total Deleted': 1, 'Total Deleted %': 0.06}, 'e76a1d6eb8d32f620a567f76e4a8713a2d57a503': {'Total tests': 1585, 'Total Deleted': 1, 'Total Deleted %': 0.06}, 'e7b7cd65a2cb9d0f4e3a9db60ef86d89c67b0b81': {'Total tests': 539, 'Total Deleted': 2, 'Total Deleted %': 0.37}, 'e7bb60437e82b3f9f50223e397369532bb382df6': {'Total tests': 422, 'Total Deleted': 4, 'Total Deleted %': 0.95}, 'e89e35c261e9f8249a50ffc68ec7c0db78578476': {'Total tests': 1530, 'Total Deleted': 1, 'Total Deleted %': 0.07}, 'e8bdf51b6b1b67c325009b19164a961389b8e251': {'Total tests': 591, 'Total Deleted': 8, 'Total Deleted %': 1.35}, 'ea4f9c8903161509c633b5d91bd257062110d399': {'Total tests': 84, 'Total Deleted': 3, 'Total Deleted %': 3.57}, 'edd6ecb613cef30d63d55879fef8a64442e79593': {'Total tests': 466, 'Total Deleted': 3, 'Total Deleted %': 0.64}, 'ef1b7b410f51442b58bd669ba903dfcd5a986fec': {'Total tests': 1582, 'Total Deleted': 9, 'Total Deleted %': 0.57}, 'f1f10c94622eb7134e557d0c8795967d2a9af8d3': {'Total tests': 934, 'Total Deleted': 12, 'Total Deleted %': 1.28}, 'f1fe8ce5e1883f2fbeae3e93bdbabdf8eb7511e0': {'Total tests': 1698, 'Total Deleted': 4, 'Total Deleted %': 0.24}, 'f22958b07f9c6f16c9ad8bcd390bae34a371bfa3': {'Total tests': 209, 'Total Deleted': 17, 'Total Deleted %': 8.13}, 'f4468a22c1095b5c1db1aea4e6190669f6abd7d5': {'Total tests': 1643, 'Total Deleted': 2, 'Total Deleted %': 0.12}, 'f58fd5582a8d9fd1d85636a169bbf9bafd914860': {'Total tests': 568, 'Total Deleted': 1, 'Total Deleted %': 0.18}, 'f6af917772d70abdf28cfd9e5c7b4fed4c32365e': {'Total tests': 85, 'Total Deleted': 1, 'Total Deleted %': 1.18}, 'f6b1acbdd51b007809a511e6cb23984ba7292380': {'Total tests': 1602, 'Total Deleted': 6, 'Total Deleted %': 0.37}, 'f72dc2d18446f6e2bbd38b0896ec94c990f40a9f': {'Total tests': 338, 'Total Deleted': 1, 'Total Deleted %': 0.3}, 'f7d67df4426db0a29170e3e14f2c1e84aa6008d2': {'Total tests': 1268, 'Total Deleted': 1, 'Total Deleted %': 0.08}, 'f8b657e54ec5b73294717c127f92a59a18777b74': {'Total tests': 538, 'Total Deleted': 1, 'Total Deleted %': 0.19}, 'f8ba7c64c463399276df557c490f186de462f3aa': {'Total tests': 451, 'Total Deleted': 2, 'Total Deleted %': 0.44}, 'f9f35e07020ba50a6d322693b1c037c5abdbbb1d': {'Total tests': 361, 'Total Deleted': 1, 'Total Deleted %': 0.28}, 'fb1b6cc6302db185dfbc08e39505050c25b63412': {'Total tests': 880, 'Total Deleted': 1, 'Total Deleted %': 0.11}, 'fb359c290eabe8093ad21e317a4c7d9d71d20287': {'Total tests': 1589, 'Total Deleted': 1, 'Total Deleted %': 0.06}, 'ff2aa9c038f519f0fcd49112167def7e56fad610': {'Total tests': 1746, 'Total Deleted': 1, 'Total Deleted %': 0.06}, 'ff947302f55220c7131d375eba30b633a1850368': {'Total tests': 705, 'Total Deleted': 1, 'Total Deleted %': 0.14}}
16:13:47,175 root INFO -------------percentage------------
16:13:47,176 root INFO Mean: 0.8378709677419355
16:13:47,177 root INFO Median: 0.2
16:13:47,178 root INFO Q1: 0.11
16:13:47,178 root INFO Q3: 0.54
16:13:47,179 root INFO Max: 23.21
16:13:47,179 root INFO Min: 0.05
16:13:47,179 root INFO -------------absolute------------
16:13:47,179 root INFO Total test deletion commits: 316
16:13:47,179 root INFO Total deleted tests:2058
16:13:47,179 root INFO Mean: 6.638709677419355
16:13:47,179 root INFO Median: 2.0
16:13:47,179 root INFO Q1: 1.0
16:13:47,179 root INFO Q3: 4.75
16:13:47,179 root INFO Max: 260
16:13:47,179 root INFO Min: 1
16:13:47,179 root INFO =========================
